System Dimensions and Properties
----------------------------------------------------------------------
Box_dim (Å):
  Full matrix: [25.7700, 26.8258, 28.5335, 0.0000, 0.0000, 0.0936, 0.0000, -7.6766, -0.9689]
Cell parameters:
  a, b, c (Å): 25.7700, 26.8260, 29.5640
  α, β, γ (°): 91.9300, 105.0500, 89.8000
  Volume: 19725.2588 Å³
System properties:
  Total mass: 30979.1952 amu
  Density: 2.6079 g/cm³

Box_dim and Cell explanations:
  Box_dim: A 1D array of box dimensions, typically in Angstroms.
          For orthogonal boxes: [Lx, Ly, Lz]
          For triclinic boxes: [Lx, Ly, Lz, xy, xz, yz] or [Lx, Ly, Lz, α, β, γ]
  Cell: A 1×6 array with cell parameters [a, b, c, α, β, γ]
        where a, b, c are lengths and α, β, γ are angles in degrees.
----------------------------------------------------------------------

Total charge (MINFF): 0.0000000

Unique Atom Types and Their Coordination Environment
----------------------------------------------------------------------
Type       Count  Neighbors                 Charge         
----------------------------------------------------------------------
Alo        240    OhOhOhOhOpOp              1.782
H          480    Oh                        0.400
Ob         360    SitSit                    -0.942
Oh         480    AloAloH                   -0.994
Op         240    AloAloSit                 -1.065
Sit        240    ObObObOp                  1.884
----------------------------------------------------------------------

Detailed Atom Type Statistics with Standard Deviations
----------------------------------------------------------------------------------------------------
Type       Count  Coord#          Bond Dist (Å)        Angle (°)           
----------------------------------------------------------------------------------------------------
Alo        240    6.00 ± 0.00     1.9079 ± 0.0193      105.693 ± 31.453    
H          480    1.00 ± 0.00     0.9775 ± 0.0041      122.942 ± 8.391 (H-involved)
Ob         360    2.00 ± 0.00     1.6152 ± 0.0059      134.946 ± 6.395     
Oh         480    3.00 ± 0.00     1.5912 ± 0.4342      116.488 ± 11.417    
Op         240    3.00 ± 0.00     1.8231 ± 0.1479      116.554 ± 11.524    
Sit        240    4.00 ± 0.00     1.6149 ± 0.0058      109.416 ± 2.493     
----------------------------------------------------------------------------------------------------

Bond Statistics for Unique Atom Type Pairs
--------------------------------------------------------------------------------
Bond Pair                           Count     Avg Distance (Å)    Std Dev
--------------------------------------------------------------------------------
Alo-Oh                               1920               1.8981     0.0159
Alo-Op                                960               1.9276     0.0057
H-Oh                                  960               0.9775     0.0041
Ob-Sit                               1440               1.6152     0.0059
Op-Sit                                480               1.6141     0.0056
--------------------------------------------------------------------------------

Angle Statistics for Unique Atom Type Triplets
--------------------------------------------------------------------------------
Angle Triplet                            Count   Avg Angle (°)    Std Dev
--------------------------------------------------------------------------------
Alo-Oh-Alo                                      480         103.582      0.574
Alo-Oh-H                                        960         122.942      8.391
Alo-Op-Alo                                      240         100.739      0.272
Alo-Op-Sit                                      480         124.461      3.406
Ob-Sit-Ob                                       720         107.520      1.541
Ob-Sit-Op                                       720         111.312      1.694
Oh-Alo-Oh                                      1440         103.554     28.948
Oh-Alo-Op                                      1920         108.804     34.570
Op-Alo-Op                                       240          93.642      0.260
Sit-Ob-Sit                                      360         134.946      6.395
--------------------------------------------------------------------------------
