System Dimensions and Properties
--------------------------------------------------------------------------------
Box_dim (Å):
  Orthogonal Box: [10.0000, 10.0000, 10.0000]
  Volume: 1000.0000 Å³
Cell parameters:
  a, b, c (Å): 10.0000, 10.0000, 10.0000
  α, β, γ (°): 90.0000, 90.0000, 90.0000
  Volume: 1000.0000 Å³
System properties:
  Total mass: 18.0151 amu
  Density: 0.0299 g/cm³

Box_dim and Cell explanations:
  Box_dim: A 1D array of Box dimensions, typically in Angstroms.
          For orthogonal boxes: [Lx, Ly, Lz]
          For triclinic boxes: [Lx, Ly, Lz, xy, xz, yz] or [Lx, Ly, Lz, α, β, γ]
  Cell: A 1×6 array with Cell parameters [a, b, c, α, β, γ]
        where a, b, c are lengths and α, β, γ are angles in degrees.
--------------------------------------------------------------------------------

Total charge (MINFF): 0.0000000

Unique Atom Types and Their Coordination Environment
--------------------------------------------------------------------------------
Type       Count  Neighbors                     Charge
--------------------------------------------------------------------------------
H          2      Ow                          0.400000
Ow         1      HH                         -0.800000
--------------------------------------------------------------------------------

Detailed Atom Type Statistics with Standard Deviations
--------------------------------------------------------------------------------
Type       Count  Coord#           Bond Dist (Å)        Angle (°)           
--------------------------------------------------------------------------------
H          2      1.00 ± 0.00      0.9638 ± 0.0038      108.060 ± 0.000 (H-O-M)
Ow         1      2.00 ± 0.00      0.9638 ± 0.0038      108.060 ± 0.000     
--------------------------------------------------------------------------------

Bond Statistics for Unique Atom Type Pairs
--------------------------------------------------------------------------------
Bond Pair                 Count    Distance (Å)        
--------------------------------------------------------------------------------
H-Ow                      4        0.9638 ± 0.0038
--------------------------------------------------------------------------------

Angle Statistics for Unique Atom Type Triplets
--------------------------------------------------------------------------------
Angle Triplet             Count    Angle (°)           
--------------------------------------------------------------------------------
H-Ow-H                    1        108.060 ± 0.000
--------------------------------------------------------------------------------
