System Dimensions and Properties
--------------------------------------------------------------------------------
Box_dim (Å):
  Full matrix: [41.2800, 62.7608, 44.0000, 0.0000, 0.0000, 0.3943, 0.0000, -1.6969, -0.1818]
Cell parameters:
  a, b, c (Å): 41.2800, 62.7620, 44.0331
  α, β, γ (°): 90.2504, 92.2086, 89.6400
  Volume: 113993.6963 Å³

Box_dim and Cell explanations:
  Box_dim: A 1D array of box dimensions, typically in Angstroms.
          For orthogonal boxes: [Lx, Ly, Lz]
          For triclinic boxes: [Lx, Ly, Lz, xy, xz, yz] or [Lx, Ly, Lz, α, β, γ]
  Cell: A 1×6 array with cell parameters [a, b, c, α, β, γ]
        where a, b, c are lengths and α, β, γ are angles in degrees.
--------------------------------------------------------------------------------

Total charge: 0.0000000

Unique Atom Types and Their Coordination Environment
--------------------------------------------------------------------------------
Type       Count  Neighbors                     Charge
--------------------------------------------------------------------------------
Alo        148    OhOhOmgOmgOpOp               0.00000
Alo        152    OhOhOpOpOpOp                 0.00000
Alo        74     OhmgOhmgOpOpOpOp             0.00000
H          300    Oh                           0.00000
H          148    Ohmg                         0.00000
Hw         2542                                0.00000
Hw         818    Ow                           0.00000
Mgo        74     OhmgOhmgOmgOmgOmgOmg         0.00000
Na         74                                  0.00000
Ob         1344   SitSit                       0.00000
Oh         300    AloAloH                      0.00000
Ohmg       148    AloHMgo                      0.00000
Omg        296    AloMgoSit                    0.00000
Op         600    AloAloSit                    0.00000
Ow         1271                                0.00000
Ow         409    HwHw                         0.00000
Sit        296    ObObObOmg                    0.00000
Sit        600    ObObObOp                     0.00000
--------------------------------------------------------------------------------

Detailed Atom Type Statistics with Standard Deviations
--------------------------------------------------------------------------------
Type       Count  Coord#           Bond Dist (Å)        Angle (°)           
--------------------------------------------------------------------------------
Alo        374    6.00 ± 0.00      1.9107 ± 0.0192      105.493 ± 30.967    
H          448    1.00 ± 0.00      0.9680 ± 0.0087      128.173 ± 1.657 (H-O-M)
Hw         3360   0.24 ± 0.43      1.0004 ± 0.0039      N/A                 
Mgo        74     6.00 ± 0.00      1.9107 ± 0.0188      105.491 ± 30.973    
Na         74     0.00 ± 0.00      N/A                  N/A                 
Ob         1344   2.00 ± 0.00      1.6133 ± 0.0186      135.755 ± 6.058     
Oh         300    3.00 ± 0.00      1.5804 ± 0.4333      119.997 ± 11.649    
Ohmg       148    3.00 ± 0.00      1.5804 ± 0.4337      119.997 ± 11.653    
Omg        296    3.00 ± 0.00      1.8277 ± 0.1347      117.824 ± 11.205    
Op         600    3.00 ± 0.00      1.8276 ± 0.1347      117.816 ± 11.208    
Ow         1680   0.49 ± 0.86      1.0004 ± 0.0039      109.497 ± 0.365     
Sit        896    4.00 ± 0.00      1.6194 ± 0.0194      109.462 ± 1.229     
--------------------------------------------------------------------------------

Bond Statistics for Unique Atom Type Pairs
--------------------------------------------------------------------------------
Bond Pair                 Count    Distance (Å)        
--------------------------------------------------------------------------------
Alo-Oh                    1200     1.8867 ± 0.0047
Alo-Ohmg                  296      1.8864 ± 0.0050
Alo-Omg                   592      1.9229 ± 0.0098
Alo-Op                    2400     1.9226 ± 0.0104
H-Oh                      600      0.9680 ± 0.0087
H-Ohmg                    296      0.9678 ± 0.0087
Hw-Ow                     1636     1.0004 ± 0.0039
Mgo-Ohmg                  296      1.8871 ± 0.0047
Mgo-Omg                   592      1.9225 ± 0.0100
Ob-Sit                    5376     1.6133 ± 0.0186
Omg-Sit                   592      1.6377 ± 0.0042
Op-Sit                    1200     1.6376 ± 0.0043
--------------------------------------------------------------------------------

Angle Statistics for Unique Atom Type Triplets
--------------------------------------------------------------------------------
Angle Triplet             Count    Angle (°)           
--------------------------------------------------------------------------------
Alo-Oh-Alo                300      103.644 ± 0.100
Alo-Oh-H                  600      128.173 ± 1.663
Alo-Ohmg-H                148      128.264 ± 1.651
Alo-Ohmg-Mgo              148      103.646 ± 0.097
Alo-Omg-Mgo               296      102.223 ± 0.637
Alo-Omg-Sit               296      125.615 ± 2.323
Alo-Op-Alo                600      102.206 ± 0.675
Alo-Op-Sit                1200     125.620 ± 2.316
H-Ohmg-Mgo                148      128.080 ± 1.645
Hw-Ow-Hw                  409      109.497 ± 0.365
Mgo-Omg-Sit               296      125.633 ± 2.323
Ob-Sit-Ob                 2688     109.621 ± 1.380
Ob-Sit-Omg                888      109.304 ± 1.043
Ob-Sit-Op                 1800     109.305 ± 1.027
Oh-Alo-Oh                 300      76.356 ± 0.181
Oh-Alo-Omg                592      112.580 ± 30.916
Oh-Alo-Op                 1808     112.593 ± 30.906
Ohmg-Alo-Ohmg             74       76.371 ± 0.192
Ohmg-Alo-Op               592      112.607 ± 30.931
Ohmg-Mgo-Ohmg             74       76.338 ± 0.181
Ohmg-Mgo-Omg              592      112.592 ± 30.914
Omg-Alo-Omg               148      77.750 ± 0.257
Omg-Alo-Op                592      112.421 ± 30.688
Omg-Mgo-Omg               444      100.883 ± 29.931
Op-Alo-Op                 1504     98.616 ± 29.228
Sit-Ob-Sit                1344     135.755 ± 6.058
--------------------------------------------------------------------------------

