System Dimensions and Properties
--------------------------------------------------------------------------------
Box_dim (Å):
  Full matrix: [41.2800, 62.7608, 44.0000, 0.0000, 0.0000, 0.3943, 0.0000, -1.6969, -0.1818]
Cell parameters:
  a, b, c (Å): 41.2800, 62.7620, 44.0331
  α, β, γ (°): 90.2505, 92.2086, 89.6400
  Volume: 113993.6236 Å³
System properties:
  Total mass: 112478.4771 amu
  Density: 1.6385 g/cm³

Box_dim and Cell explanations:
  Box_dim: A 1D array of Box dimensions, typically in Angstroms.
          For orthogonal boxes: [Lx, Ly, Lz]
          For triclinic boxes: [Lx, Ly, Lz, xy, xz, yz] or [Lx, Ly, Lz, α, β, γ]
  Cell: A 1×6 array with Cell parameters [a, b, c, α, β, γ]
        where a, b, c are lengths and α, β, γ are angles in degrees.
--------------------------------------------------------------------------------

Total charge (MINFF): 0.0000000

Unique Atom Types and Their Coordination Environment
--------------------------------------------------------------------------------
Type       Count  Neighbors                     Charge
--------------------------------------------------------------------------------
Alo        148    OhOhOmgOmgOpOp              1.782000
Alo        152    OhOhOpOpOpOp                1.782000
Alo        74     OhmgOhmgOpOpOpOp            1.782000
H          300    Oh                          0.400000
H          148    Ohmg                        0.400000
Hw         2542                               0.447585
Hw         818    Ow                          0.447585
Mgo        74     OhmgOhmgOmgOmgOmgOmg        1.562000
Na         74                                 1.000000
Ob         1344   SitSit                     -0.942000
Oh         300    AloAloH                    -0.994000
Ohmg       148    AloHMgo                    -1.124000
Omg        296    AloMgoSit                  -1.195000
Op         600    AloAloSit                  -1.065000
Ow         1271                              -0.895170
Ow         409    HwHw                       -0.895170
Sit        296    ObObObOmg                   1.884000
Sit        600    ObObObOp                    1.884000
--------------------------------------------------------------------------------

Detailed Atom Type Statistics with Standard Deviations
--------------------------------------------------------------------------------
Type       Count  Coord#           Bond Dist (Å)        Angle (°)           
--------------------------------------------------------------------------------
Alo        374    6.00 ± 0.00      1.9107 ± 0.0194      105.494 ± 30.964    
H          448    1.00 ± 0.00      0.9679 ± 0.0086      128.188 ± 1.661 (H-O-M)
Hw         3360   0.24 ± 0.43      1.0004 ± 0.0039      109.497 ± 0.364 (H-O-M)
Mgo        74     6.00 ± 0.00      1.9107 ± 0.0191      105.492 ± 30.961    
Na         74     0.00 ± 0.00      N/A                  N/A                 
Ob         1344   2.00 ± 0.00      1.6133 ± 0.0187      135.753 ± 6.056     
Oh         300    3.00 ± 0.00      1.5800 ± 0.4328      119.997 ± 11.664    
Ohmg       148    3.00 ± 0.00      1.5800 ± 0.4329      119.997 ± 11.662    
Omg        296    3.00 ± 0.00      1.8279 ± 0.1347      117.820 ± 11.188    
Op         600    3.00 ± 0.00      1.8279 ± 0.1348      117.815 ± 11.192    
Ow         1680   0.49 ± 0.86      1.0004 ± 0.0039      109.497 ± 0.364     
Sit        896    4.00 ± 0.00      1.6194 ± 0.0194      109.463 ± 1.224     
--------------------------------------------------------------------------------

Bond Statistics for Unique Atom Type Pairs
--------------------------------------------------------------------------------
Bond Pair                 Count    Distance (Å)        
--------------------------------------------------------------------------------
Alo-Oh                    1200     1.8860 ± 0.0042
Alo-Ohmg                  296      1.8858 ± 0.0042
Alo-Omg                   592      1.9231 ± 0.0096
Alo-Op                    2400     1.9230 ± 0.0101
H-Oh                      600      0.9680 ± 0.0087
H-Ohmg                    296      0.9678 ± 0.0086
Hw-Ow                     1636     1.0004 ± 0.0039
Mgo-Ohmg                  296      1.8864 ± 0.0043
Mgo-Omg                   592      1.9229 ± 0.0096
Ob-Sit                    5376     1.6133 ± 0.0187
Omg-Sit                   592      1.6376 ± 0.0042
Op-Sit                    1200     1.6376 ± 0.0043
--------------------------------------------------------------------------------

Angle Statistics for Unique Atom Type Triplets
--------------------------------------------------------------------------------
Angle Triplet             Count    Angle (°)           
--------------------------------------------------------------------------------
Alo-Oh-Alo                300      103.614 ± 0.064
Alo-Oh-H                  600      128.188 ± 1.671
Alo-Ohmg-H                148      128.262 ± 1.638
Alo-Ohmg-Mgo              148      103.614 ± 0.064
Alo-Omg-Mgo               296      102.233 ± 0.628
Alo-Omg-Sit               296      125.607 ± 2.313
Alo-Op-Alo                600      102.223 ± 0.663
Alo-Op-Sit                1200     125.611 ± 2.313
H-Ohmg-Mgo                148      128.114 ± 1.640
Hw-Ow-Hw                  409      109.497 ± 0.364
Mgo-Omg-Sit               296      125.621 ± 2.310
Ob-Sit-Ob                 2688     109.620 ± 1.380
Ob-Sit-Omg                888      109.306 ± 1.027
Ob-Sit-Op                 1800     109.306 ± 1.019
Oh-Alo-Oh                 300      76.386 ± 0.163
Oh-Alo-Omg                592      112.600 ± 30.898
Oh-Alo-Op                 1808     112.608 ± 30.903
Ohmg-Alo-Ohmg             74       76.399 ± 0.162
Ohmg-Alo-Op               592      112.626 ± 30.911
Ohmg-Mgo-Ohmg             74       76.373 ± 0.162
Ohmg-Mgo-Omg              592      112.611 ± 30.898
Omg-Alo-Omg               148      77.744 ± 0.220
Omg-Alo-Op                592      112.391 ± 30.653
Omg-Mgo-Omg               444      100.854 ± 29.886
Op-Alo-Op                 1504     98.590 ± 29.207
Sit-Ob-Sit                1344     135.753 ± 6.056
--------------------------------------------------------------------------------
