System Dimensions and Properties
--------------------------------------------------------------------------------
Box_dim (Å):
  Full matrix: [123.8400, 215.1798, 44.0000, 0.0000, 0.0000, 1.3520, 0.0000, -1.6969, -0.1818]
Cell parameters:
  a, b, c (Å): 123.8400, 215.1840, 44.0331
  α, β, γ (°): 90.2505, 92.2086, 89.6400
  Volume: 1172505.8506 Å³
System properties:
  Total mass: 1157060.7667 amu
  Density: 1.6387 g/cm³

Box_dim and Cell explanations:
  Box_dim: A 1D array of Box dimensions, typically in Angstroms.
          For orthogonal boxes: [Lx, Ly, Lz]
          For triclinic boxes: [Lx, Ly, Lz, xy, xz, yz] or [Lx, Ly, Lz, α, β, γ]
  Cell: A 1×6 array with Cell parameters [a, b, c, α, β, γ]
        where a, b, c are lengths and α, β, γ are angles in degrees.
--------------------------------------------------------------------------------

Total charge (MINFF): 0.0000000

Unique Atom Types and Their Coordination Environment
--------------------------------------------------------------------------------
Type       Count  Neighbors                     Charge
--------------------------------------------------------------------------------
Alo        1536   OhOhOmgOmgOpOp              1.782000
Alo        1536   OhOhOpOpOpOp                1.782000
Alo        768    OhmgOhmgOpOpOpOp            1.782000
H          3072   Oh                          0.400000
H          1536   Ohmg                        0.400000
Hw         33764                              0.447585
Hw         796    Ow                          0.447585
Mgo        768    OhmgOhmgOmgOmgOmgOmg        1.562000
Na         768                                1.000000
Ob         13824  SitSit                     -0.942000
Oh         3072   AloAloH                    -0.994000
Ohmg       1536   AloHMgo                    -1.124000
Omg        3072   AloMgoSit                  -1.195000
Op         6144   AloAloSit                  -1.065000
Ow         16882                             -0.895170
Ow         398    HwHw                       -0.895170
Sit        3072   ObObObOmg                   1.884000
Sit        6144   ObObObOp                    1.884000
--------------------------------------------------------------------------------

Detailed Atom Type Statistics with Standard Deviations
--------------------------------------------------------------------------------
Type       Count  Coord#           Bond Dist (Å)        Angle (°)           
--------------------------------------------------------------------------------
Alo        3840   6.00 ± 0.00      1.9107 ± 0.0194      105.493 ± 30.964    
H          4608   1.00 ± 0.00      0.9679 ± 0.0086      128.188 ± 1.661 (H-O-M)
Hw         34560  0.02 ± 0.15      1.0003 ± 0.0040      109.489 ± 0.366 (H-O-M)
Mgo        768    6.00 ± 0.00      1.9106 ± 0.0193      105.494 ± 30.964    
Na         768    0.00 ± 0.00      N/A                  N/A                 
Ob         13824  2.00 ± 0.00      1.6133 ± 0.0187      135.753 ± 6.056     
Oh         3072   3.00 ± 0.00      1.5800 ± 0.4328      119.997 ± 11.665    
Ohmg       1536   3.00 ± 0.00      1.5800 ± 0.4330      119.997 ± 11.660    
Omg        3072   3.00 ± 0.00      1.8279 ± 0.1348      117.817 ± 11.190    
Op         6144   3.00 ± 0.00      1.8279 ± 0.1348      117.817 ± 11.191    
Ow         17280  0.05 ± 0.30      1.0003 ± 0.0040      109.489 ± 0.366     
Sit        9216   4.00 ± 0.00      1.6194 ± 0.0194      109.463 ± 1.224     
--------------------------------------------------------------------------------

Bond Statistics for Unique Atom Type Pairs
--------------------------------------------------------------------------------
Bond Pair                 Count    Distance (Å)        
--------------------------------------------------------------------------------
Alo-Oh                    12288    1.8860 ± 0.0042
Alo-Ohmg                  3072     1.8861 ± 0.0042
Alo-Omg                   6144     1.9231 ± 0.0099
Alo-Op                    24576    1.9230 ± 0.0099
H-Oh                      6144     0.9680 ± 0.0087
H-Ohmg                    3072     0.9677 ± 0.0085
Hw-Ow                     1592     1.0003 ± 0.0040
Mgo-Ohmg                  3072     1.8861 ± 0.0043
Mgo-Omg                   6144     1.9229 ± 0.0099
Ob-Sit                    55296    1.6133 ± 0.0187
Omg-Sit                   6144     1.6376 ± 0.0043
Op-Sit                    12288    1.6376 ± 0.0043
--------------------------------------------------------------------------------

Angle Statistics for Unique Atom Type Triplets
--------------------------------------------------------------------------------
Angle Triplet             Count    Angle (°)           
--------------------------------------------------------------------------------
Alo-Oh-Alo                3072     103.614 ± 0.064
Alo-Oh-H                  6144     128.188 ± 1.678
Alo-Ohmg-H                1536     128.172 ± 1.628
Alo-Ohmg-Mgo              1536     103.614 ± 0.064
Alo-Omg-Mgo               3072     102.228 ± 0.650
Alo-Omg-Sit               3072     125.606 ± 2.314
Alo-Op-Alo                6144     102.226 ± 0.652
Alo-Op-Sit                12288    125.613 ± 2.312
H-Ohmg-Mgo                1536     128.204 ± 1.627
Hw-Ow-Hw                  398      109.489 ± 0.366
Mgo-Omg-Sit               3072     125.618 ± 2.312
Ob-Sit-Ob                 27648    109.620 ± 1.380
Ob-Sit-Omg                9216     109.307 ± 1.020
Ob-Sit-Op                 18432    109.305 ± 1.023
Oh-Alo-Oh                 3072     76.385 ± 0.163
Oh-Alo-Omg                6144     112.603 ± 30.901
Oh-Alo-Op                 18432    112.603 ± 30.902
Ohmg-Alo-Ohmg             768      76.387 ± 0.163
Ohmg-Alo-Op               6144     112.634 ± 30.906
Ohmg-Mgo-Ohmg             768      76.385 ± 0.162
Ohmg-Mgo-Omg              6144     112.613 ± 30.904
Omg-Alo-Omg               1536     77.748 ± 0.218
Omg-Alo-Op                6144     112.387 ± 30.652
Omg-Mgo-Omg               4608     100.852 ± 29.887
Op-Alo-Op                 15360    98.555 ± 29.196
Sit-Ob-Sit                13824    135.753 ± 6.056
--------------------------------------------------------------------------------
