System Dimensions and Properties
--------------------------------------------------------------------------------
Box_dim (Å):
  Full matrix: [87.7200, 152.4190, 44.0000, 0.0000, 0.0000, 0.9577, 0.0000, -1.6969, -0.1818]
Cell parameters:
  a, b, c (Å): 87.7200, 152.4220, 44.0331
  α, β, γ (°): 90.2505, 92.2086, 89.6400
  Volume: 588288.5273 Å³
System properties:
  Total mass: 576652.6537 amu
  Density: 1.6277 g/cm³

Box_dim and Cell explanations:
  Box_dim: A 1D array of Box dimensions, typically in Angstroms.
          For orthogonal boxes: [Lx, Ly, Lz]
          For triclinic boxes: [Lx, Ly, Lz, xy, xz, yz] or [Lx, Ly, Lz, α, β, γ]
  Cell: A 1×6 array with Cell parameters [a, b, c, α, β, γ]
        where a, b, c are lengths and α, β, γ are angles in degrees.
--------------------------------------------------------------------------------

Total charge (MINFF): 0.0000000

Unique Atom Types and Their Coordination Environment
--------------------------------------------------------------------------------
Type       Count  Neighbors                     Charge
--------------------------------------------------------------------------------
Alo        388    OhOhOmgOmgOpOp              1.782000
Alo        1536   OhOhOpOpOpOp                1.782000
Alo        194    OhmgOhmgOpOpOpOp            1.782000
H          1924   Oh                          0.400000
H          388    Ohmg                        0.400000
Hw         16594                              0.447585
Hw         746    Ow                          0.447585
Mgo        194    OhmgOhmgOmgOmgOmgOmg        1.562000
Na         194                                1.000000
Ob         6936   SitSit                     -0.942000
Oh         1924   AloAloH                    -0.994000
Ohmg       388    AloHMgo                    -1.124000
Omg        776    AloMgoSit                  -1.195000
Op         3848   AloAloSit                  -1.065000
Ow         8297                              -0.895170
Ow         373    HwHw                       -0.895170
Sit        776    ObObObOmg                   1.884000
Sit        3848   ObObObOp                    1.884000
--------------------------------------------------------------------------------

Detailed Atom Type Statistics with Standard Deviations
--------------------------------------------------------------------------------
Type       Count  Coord#           Bond Dist (Å)        Angle (°)           
--------------------------------------------------------------------------------
Alo        2118   6.00 ± 0.00      1.9107 ± 0.0194      105.493 ± 30.964    
H          2312   1.00 ± 0.00      0.9679 ± 0.0086      128.188 ± 1.661 (H-O-M)
Hw         17340  0.04 ± 0.20      1.0002 ± 0.0039      109.465 ± 0.361 (H-O-M)
Mgo        194    6.00 ± 0.00      1.9106 ± 0.0192      105.493 ± 30.964    
Na         194    0.00 ± 0.00      N/A                  N/A                 
Ob         6936   2.00 ± 0.00      1.6133 ± 0.0187      135.753 ± 6.056     
Oh         1924   3.00 ± 0.00      1.5800 ± 0.4328      119.997 ± 11.664    
Ohmg       388    3.00 ± 0.00      1.5800 ± 0.4329      119.997 ± 11.662    
Omg        776    3.00 ± 0.00      1.8279 ± 0.1348      117.818 ± 11.190    
Op         3848   3.00 ± 0.00      1.8279 ± 0.1348      117.817 ± 11.191    
Ow         8670   0.09 ± 0.41      1.0002 ± 0.0039      109.465 ± 0.361     
Sit        4624   4.00 ± 0.00      1.6194 ± 0.0194      109.463 ± 1.224     
--------------------------------------------------------------------------------

Bond Statistics for Unique Atom Type Pairs
--------------------------------------------------------------------------------
Bond Pair                 Count    Distance (Å)        
--------------------------------------------------------------------------------
Alo-Oh                    7696     1.8860 ± 0.0042
Alo-Ohmg                  776      1.8860 ± 0.0041
Alo-Omg                   1552     1.9232 ± 0.0098
Alo-Op                    15392    1.9230 ± 0.0099
H-Oh                      3848     0.9679 ± 0.0086
H-Ohmg                    776      0.9678 ± 0.0086
Hw-Ow                     1492     1.0002 ± 0.0039
Mgo-Ohmg                  776      1.8861 ± 0.0044
Mgo-Omg                   1552     1.9228 ± 0.0098
Ob-Sit                    27744    1.6133 ± 0.0187
Omg-Sit                   1552     1.6376 ± 0.0043
Op-Sit                    7696     1.6376 ± 0.0043
--------------------------------------------------------------------------------

Angle Statistics for Unique Atom Type Triplets
--------------------------------------------------------------------------------
Angle Triplet             Count    Angle (°)           
--------------------------------------------------------------------------------
Alo-Oh-Alo                1924     103.614 ± 0.064
Alo-Oh-H                  3848     128.188 ± 1.664
Alo-Ohmg-H                388      128.139 ± 1.647
Alo-Ohmg-Mgo              388      103.614 ± 0.064
Alo-Omg-Mgo               776      102.228 ± 0.646
Alo-Omg-Sit               776      125.599 ± 2.310
Alo-Op-Alo                3848     102.226 ± 0.653
Alo-Op-Sit                7696     125.612 ± 2.312
H-Ohmg-Mgo                388      128.237 ± 1.643
Hw-Ow-Hw                  373      109.465 ± 0.361
Mgo-Omg-Sit               776      125.626 ± 2.315
Ob-Sit-Ob                 13872    109.620 ± 1.380
Ob-Sit-Omg                2328     109.306 ± 1.023
Ob-Sit-Op                 11544    109.306 ± 1.022
Oh-Alo-Oh                 1924     76.386 ± 0.163
Oh-Alo-Omg                1552     112.635 ± 30.902
Oh-Alo-Op                 13840    112.606 ± 30.902
Ohmg-Alo-Ohmg             194      76.389 ± 0.163
Ohmg-Alo-Op               1552     112.652 ± 30.907
Ohmg-Mgo-Ohmg             194      76.382 ± 0.162
Ohmg-Mgo-Omg              1552     112.581 ± 30.900
Omg-Alo-Omg               388      77.743 ± 0.221
Omg-Alo-Op                1552     112.339 ± 30.645
Omg-Mgo-Omg               1164     100.895 ± 29.907
Op-Alo-Op                 10768    100.029 ± 29.663
Sit-Ob-Sit                6936     135.753 ± 6.056
--------------------------------------------------------------------------------
