System Dimensions and Properties
--------------------------------------------------------------------------------
Box_dim (Å):
  Full matrix: [15.4800, 35.8633, 44.0000, 0.0000, 0.0000, 0.2253, 0.0000, -1.6969, -0.1818]
Cell parameters:
  a, b, c (Å): 15.4800, 35.8640, 44.0331
  α, β, γ (°): 90.2505, 92.2086, 89.6400
  Volume: 24427.2041 Å³
System properties:
  Total mass: 24105.4326 amu
  Density: 1.6387 g/cm³

Box_dim and Cell explanations:
  Box_dim: A 1D array of Box dimensions, typically in Angstroms.
          For orthogonal boxes: [Lx, Ly, Lz]
          For triclinic boxes: [Lx, Ly, Lz, xy, xz, yz] or [Lx, Ly, Lz, α, β, γ]
  Cell: A 1×6 array with Cell parameters [a, b, c, α, β, γ]
        where a, b, c are lengths and α, β, γ are angles in degrees.
--------------------------------------------------------------------------------

Total charge (MINFF): 0.0000000

Unique Atom Types and Their Coordination Environment
--------------------------------------------------------------------------------
Type       Count  Neighbors                     Charge
--------------------------------------------------------------------------------
Alo        32     OhOhOmgOmgOpOp              1.782000
Alo        32     OhOhOpOpOpOp                1.782000
Alo        16     OhmgOhmgOpOpOpOp            1.782000
H          64     Oh                          0.400000
H          32     Ohmg                        0.400000
Hw         604                                0.447585
Hw         116    Ow                          0.447585
Mgo        16     OhmgOhmgOmgOmgOmgOmg        1.562000
Na         16                                 1.000000
Ob         288    SitSit                     -0.942000
Oh         64     AloAloH                    -0.994000
Ohmg       32     AloHMgo                    -1.124000
Omg        64     AloMgoSit                  -1.195000
Op         128    AloAloSit                  -1.065000
Ow         302                               -0.895170
Ow         58     HwHw                       -0.895170
Sit        64     ObObObOmg                   1.884000
Sit        128    ObObObOp                    1.884000
--------------------------------------------------------------------------------

Detailed Atom Type Statistics with Standard Deviations
--------------------------------------------------------------------------------
Type       Count  Coord#           Bond Dist (Å)        Angle (°)           
--------------------------------------------------------------------------------
Alo        80     6.00 ± 0.00      1.9108 ± 0.0191      105.492 ± 30.960    
H          96     1.00 ± 0.00      0.9679 ± 0.0086      128.188 ± 1.661 (H-O-M)
Hw         720    0.16 ± 0.37      1.0011 ± 0.0040      109.446 ± 0.372 (H-O-M)
Mgo        16     6.00 ± 0.00      1.9101 ± 0.0206      105.501 ± 30.985    
Na         16     0.00 ± 0.00      N/A                  N/A                 
Ob         288    2.00 ± 0.00      1.6133 ± 0.0187      135.753 ± 6.056     
Oh         64     3.00 ± 0.00      1.5800 ± 0.4328      119.997 ± 11.663    
Ohmg       32     3.00 ± 0.00      1.5800 ± 0.4328      119.997 ± 11.663    
Omg        64     3.00 ± 0.00      1.8279 ± 0.1350      117.796 ± 11.205    
Op         128    3.00 ± 0.00      1.8278 ± 0.1347      117.828 ± 11.184    
Ow         360    0.32 ± 0.74      1.0011 ± 0.0040      109.446 ± 0.372     
Sit        192    4.00 ± 0.00      1.6194 ± 0.0194      109.463 ± 1.224     
--------------------------------------------------------------------------------

Bond Statistics for Unique Atom Type Pairs
--------------------------------------------------------------------------------
Bond Pair                 Count    Distance (Å)        
--------------------------------------------------------------------------------
Alo-Oh                    256      1.8860 ± 0.0042
Alo-Ohmg                  64       1.8877 ± 0.0036
Alo-Omg                   128      1.9233 ± 0.0116
Alo-Op                    512      1.9229 ± 0.0090
H-Oh                      128      0.9679 ± 0.0086
H-Ohmg                    64       0.9679 ± 0.0086
Hw-Ow                     232      1.0011 ± 0.0040
Mgo-Ohmg                  64       1.8843 ± 0.0041
Mgo-Omg                   128      1.9230 ± 0.0114
Ob-Sit                    1152     1.6133 ± 0.0187
Omg-Sit                   128      1.6375 ± 0.0044
Op-Sit                    256      1.6377 ± 0.0042
--------------------------------------------------------------------------------

Angle Statistics for Unique Atom Type Triplets
--------------------------------------------------------------------------------
Angle Triplet             Count    Angle (°)           
--------------------------------------------------------------------------------
Alo-Oh-Alo                64       103.614 ± 0.064
Alo-Oh-H                  128      128.188 ± 1.661
Alo-Ohmg-H                32       127.466 ± 1.515
Alo-Ohmg-Mgo              32       103.614 ± 0.064
Alo-Omg-Mgo               64       102.190 ± 0.779
Alo-Omg-Sit               64       125.589 ± 2.306
Alo-Op-Alo                128      102.245 ± 0.577
Alo-Op-Sit                256      125.619 ± 2.308
H-Ohmg-Mgo                32       128.909 ± 1.478
Hw-Ow-Hw                  58       109.446 ± 0.372
Mgo-Omg-Sit               64       125.608 ± 2.337
Ob-Sit-Ob                 576      109.620 ± 1.380
Ob-Sit-Omg                192      109.309 ± 0.978
Ob-Sit-Op                 384      109.305 ± 1.043
Oh-Alo-Oh                 64       76.386 ± 0.163
Oh-Alo-Omg                128      112.739 ± 30.933
Oh-Alo-Op                 384      112.567 ± 30.892
Ohmg-Alo-Ohmg             16       76.304 ± 0.143
Ohmg-Alo-Op               128      112.695 ± 30.870
Ohmg-Mgo-Ohmg             16       76.467 ± 0.139
Ohmg-Mgo-Omg              128      112.525 ± 30.935
Omg-Alo-Omg               32       77.775 ± 0.199
Omg-Alo-Op                128      112.258 ± 30.632
Omg-Mgo-Omg               96       100.975 ± 29.958
Op-Alo-Op                 320      98.568 ± 29.206
Sit-Ob-Sit                288      135.753 ± 6.056
--------------------------------------------------------------------------------
