System Dimensions and Properties
--------------------------------------------------------------------------------
Box_dim (Å):
  Full matrix: [61.9200, 107.5899, 44.0000, 0.0000, 0.0000, 0.6760, 0.0000, -1.6969, -0.1818]
Cell parameters:
  a, b, c (Å): 61.9200, 107.5920, 44.0331
  α, β, γ (°): 90.2505, 92.2086, 89.6400
  Volume: 293126.4763 Å³
System properties:
  Total mass: 287315.1629 amu
  Density: 1.6276 g/cm³

Box_dim and Cell explanations:
  Box_dim: A 1D array of Box dimensions, typically in Angstroms.
          For orthogonal boxes: [Lx, Ly, Lz]
          For triclinic boxes: [Lx, Ly, Lz, xy, xz, yz] or [Lx, Ly, Lz, α, β, γ]
  Cell: A 1×6 array with Cell parameters [a, b, c, α, β, γ]
        where a, b, c are lengths and α, β, γ are angles in degrees.
--------------------------------------------------------------------------------

Total charge (MINFF): 0.0000000

Unique Atom Types and Their Coordination Environment
--------------------------------------------------------------------------------
Type       Count  Neighbors                     Charge
--------------------------------------------------------------------------------
Alo        192    OhOhOmgOmgOpOp              1.782000
Alo        768    OhOhOpOpOpOp                1.782000
Alo        96     OhmgOhmgOpOpOpOp            1.782000
H          960    Oh                          0.400000
H          192    Ohmg                        0.400000
Hw         8640   Ow                          0.447585
Mgo        96     OhmgOhmgOmgOmgOmgOmg        1.562000
Na         96                                 1.000000
Ob         3456   SitSit                     -0.942000
Oh         960    AloAloH                    -0.994000
Ohmg       192    AloHMgo                    -1.124000
Omg        384    AloMgoSit                  -1.195000
Op         1920   AloAloSit                  -1.065000
Ow         4320   HwHw                       -0.895170
Sit        384    ObObObOmg                   1.884000
Sit        1920   ObObObOp                    1.884000
--------------------------------------------------------------------------------

Detailed Atom Type Statistics with Standard Deviations
--------------------------------------------------------------------------------
Type       Count  Coord#           Bond Dist (Å)        Angle (°)           
--------------------------------------------------------------------------------
Alo        1056   6.00 ± 0.00      1.9107 ± 0.0194      105.493 ± 30.964    
H          1152   1.00 ± 0.00      0.9679 ± 0.0086      128.188 ± 1.661 (H-O-M)
Hw         8640   1.00 ± 0.00      0.9999 ± 0.0040      109.471 ± 0.349 (H-O-M)
Mgo        96     6.00 ± 0.00      1.9106 ± 0.0192      105.493 ± 30.964    
Na         96     0.00 ± 0.00      N/A                  N/A                 
Ob         3456   2.00 ± 0.00      1.6133 ± 0.0187      135.753 ± 6.056     
Oh         960    3.00 ± 0.00      1.5800 ± 0.4328      119.997 ± 11.663    
Ohmg       192    3.00 ± 0.00      1.5800 ± 0.4328      119.997 ± 11.663    
Omg        384    3.00 ± 0.00      1.8279 ± 0.1348      117.818 ± 11.190    
Op         1920   3.00 ± 0.00      1.8279 ± 0.1348      117.817 ± 11.191    
Ow         4320   2.00 ± 0.00      0.9999 ± 0.0040      109.471 ± 0.349     
Sit        2304   4.00 ± 0.00      1.6194 ± 0.0194      109.463 ± 1.224     
--------------------------------------------------------------------------------

Bond Statistics for Unique Atom Type Pairs
--------------------------------------------------------------------------------
Bond Pair                 Count    Distance (Å)        
--------------------------------------------------------------------------------
Alo-Oh                    3840     1.8860 ± 0.0042
Alo-Ohmg                  384      1.8860 ± 0.0041
Alo-Omg                   768      1.9231 ± 0.0098
Alo-Op                    7680     1.9230 ± 0.0099
H-Oh                      1920     0.9679 ± 0.0086
H-Ohmg                    384      0.9679 ± 0.0086
Hw-Ow                     17280    0.9999 ± 0.0040
Mgo-Ohmg                  384      1.8861 ± 0.0043
Mgo-Omg                   768      1.9228 ± 0.0098
Ob-Sit                    13824    1.6133 ± 0.0187
Omg-Sit                   768      1.6376 ± 0.0043
Op-Sit                    3840     1.6376 ± 0.0043
--------------------------------------------------------------------------------

Angle Statistics for Unique Atom Type Triplets
--------------------------------------------------------------------------------
Angle Triplet             Count    Angle (°)           
--------------------------------------------------------------------------------
Alo-Oh-Alo                960      103.614 ± 0.064
Alo-Oh-H                  1920     128.188 ± 1.661
Alo-Ohmg-H                192      128.145 ± 1.662
Alo-Ohmg-Mgo              192      103.614 ± 0.064
Alo-Omg-Mgo               384      102.228 ± 0.646
Alo-Omg-Sit               384      125.602 ± 2.308
Alo-Op-Alo                1920     102.226 ± 0.653
Alo-Op-Sit                3840     125.612 ± 2.312
H-Ohmg-Mgo                192      128.231 ± 1.659
Hw-Ow-Hw                  4320     109.471 ± 0.349
Mgo-Omg-Sit               384      125.624 ± 2.315
Ob-Sit-Ob                 6912     109.620 ± 1.380
Ob-Sit-Omg                1152     109.306 ± 1.024
Ob-Sit-Op                 5760     109.306 ± 1.022
Oh-Alo-Oh                 960      76.386 ± 0.163
Oh-Alo-Omg                768      112.641 ± 30.903
Oh-Alo-Op                 6912     112.607 ± 30.903
Ohmg-Alo-Ohmg             96       76.389 ± 0.164
Ohmg-Alo-Op               768      112.642 ± 30.906
Ohmg-Mgo-Ohmg             96       76.382 ± 0.162
Ohmg-Mgo-Omg              768      112.578 ± 30.899
Omg-Alo-Omg               192      77.746 ± 0.219
Omg-Alo-Op                768      112.345 ± 30.646
Omg-Mgo-Omg               576      100.899 ± 29.909
Op-Alo-Op                 5376     100.035 ± 29.665
Sit-Ob-Sit                3456     135.753 ± 6.056
--------------------------------------------------------------------------------
