System Dimensions and Properties
--------------------------------------------------------------------------------
Box_dim (Å):
  Full matrix: [41.2800, 62.7608, 44.0000, 0.0000, 0.0000, 0.3943, 0.0000, -1.6969, -0.1818]
Cell parameters:
  a, b, c (Å): 41.2800, 62.7620, 44.0331
  α, β, γ (°): 90.2504, 92.2086, 89.6400
  Volume: 113993.6963 Å³
System properties:
  Total mass: 112478.4771 amu
  Density: 1.6385 g/cm³

Box_dim and Cell explanations:
  Box_dim: A 1D array of Box dimensions, typically in Angstroms.
          For orthogonal boxes: [Lx, Ly, Lz]
          For triclinic boxes: [Lx, Ly, Lz, xy, xz, yz] or [Lx, Ly, Lz, α, β, γ]
  Cell: A 1×6 array with Cell parameters [a, b, c, α, β, γ]
        where a, b, c are lengths and α, β, γ are angles in degrees.
--------------------------------------------------------------------------------

Total charge (MINFF): -1.0000000

Unique Atom Types and Their Coordination Environment
--------------------------------------------------------------------------------
Type       Count  Neighbors                     Charge
--------------------------------------------------------------------------------
Alo        148    OhOhOmgOmgOpOp              1.782000
Alo        152    OhOhOpOpOpOp                1.782000
Alo        74     OhmgOhmgOpOpOpOp            1.782000
H          300    Oh                          0.400000
H          148    Ohmg                        0.400000
H          12     Ow                          0.400000
Hw         3348   Ow                          0.447585
Mgo        74     OhmgOhmgOmgOmgOmgOmg        1.562000
Na         74                                 1.000000
Ob         1344   SitSit                     -0.942098
Oh         300    AloAloH                    -0.994098
Ohmg       148    AloHMgo                    -1.124098
Omg        296    AloMgoSit                  -1.195098
Op         600    AloAloSit                  -1.065098
Ow         6      HH                         -0.895268
Ow         1674   HwHw                       -0.895268
Sit        296    ObObObOmg                   1.884000
Sit        600    ObObObOp                    1.884000
--------------------------------------------------------------------------------

Detailed Atom Type Statistics with Standard Deviations
--------------------------------------------------------------------------------
Type       Count  Coord#           Bond Dist (Å)        Angle (°)           
--------------------------------------------------------------------------------
Alo        374    6.00 ± 0.00      1.9107 ± 0.0192      105.493 ± 30.964    
H          460    1.00 ± 0.00      0.9687 ± 0.0098      127.931 ± 2.658 (H-O-M)
Hw         3348   1.00 ± 0.00      1.0000 ± 0.0040      109.470 ± 0.340 (H-O-M)
Mgo        74     6.00 ± 0.00      1.9107 ± 0.0188      105.491 ± 30.959    
Na         74     0.00 ± 0.00      N/A                  N/A                 
Ob         1344   2.00 ± 0.00      1.6133 ± 0.0186      135.755 ± 6.056     
Oh         300    3.00 ± 0.00      1.5804 ± 0.4331      119.997 ± 11.642    
Ohmg       148    3.00 ± 0.00      1.5804 ± 0.4332      119.997 ± 11.640    
Omg        296    3.00 ± 0.00      1.8277 ± 0.1346      117.824 ± 11.199    
Op         600    3.00 ± 0.00      1.8276 ± 0.1346      117.816 ± 11.205    
Ow         1680   2.00 ± 0.00      1.0000 ± 0.0040      109.471 ± 0.341     
Sit        896    4.00 ± 0.00      1.6194 ± 0.0194      109.463 ± 1.228     
--------------------------------------------------------------------------------

Bond Statistics for Unique Atom Type Pairs
--------------------------------------------------------------------------------
Bond Pair                 Count    Distance (Å)        
--------------------------------------------------------------------------------
Alo-Oh                    1200     1.8867 ± 0.0047
Alo-Ohmg                  296      1.8864 ± 0.0050
Alo-Omg                   592      1.9229 ± 0.0098
Alo-Op                    2400     1.9226 ± 0.0104
H-Oh                      600      0.9680 ± 0.0087
H-Ohmg                    296      0.9678 ± 0.0087
H-Ow                      24       0.9977 ± 0.0022
Hw-Ow                     6696     1.0000 ± 0.0040
Mgo-Ohmg                  296      1.8871 ± 0.0047
Mgo-Omg                   592      1.9225 ± 0.0100
Ob-Sit                    5376     1.6133 ± 0.0186
Omg-Sit                   592      1.6377 ± 0.0042
Op-Sit                    1200     1.6376 ± 0.0043
--------------------------------------------------------------------------------

Angle Statistics for Unique Atom Type Triplets
--------------------------------------------------------------------------------
Angle Triplet             Count    Angle (°)           
--------------------------------------------------------------------------------
Alo-Oh-Alo                300      103.644 ± 0.100
Alo-Oh-H                  600      128.173 ± 1.661
Alo-Ohmg-H                148      128.264 ± 1.646
Alo-Ohmg-Mgo              148      103.646 ± 0.097
Alo-Omg-Mgo               296      102.223 ± 0.636
Alo-Omg-Sit               296      125.615 ± 2.319
Alo-Op-Alo                600      102.206 ± 0.674
Alo-Op-Sit                1200     125.621 ± 2.315
H-Ohmg-Mgo                148      128.080 ± 1.639
H-Ow-H                    6        109.887 ± 0.000
Hw-Ow-Hw                  1674     109.470 ± 0.340
Mgo-Omg-Sit               296      125.633 ± 2.319
Ob-Sit-Ob                 2688     109.621 ± 1.379
Ob-Sit-Omg                888      109.304 ± 1.042
Ob-Sit-Op                 1800     109.305 ± 1.027
Oh-Alo-Oh                 300      76.356 ± 0.181
Oh-Alo-Omg                592      112.580 ± 30.890
Oh-Alo-Op                 1808     112.593 ± 30.897
Ohmg-Alo-Ohmg             74       76.371 ± 0.191
Ohmg-Alo-Op               592      112.607 ± 30.905
Ohmg-Mgo-Ohmg             74       76.338 ± 0.180
Ohmg-Mgo-Omg              592      112.592 ± 30.888
Omg-Alo-Omg               148      77.750 ± 0.256
Omg-Alo-Op                592      112.421 ± 30.662
Omg-Mgo-Omg               444      100.883 ± 29.898
Op-Alo-Op                 1504     98.616 ± 29.219
Sit-Ob-Sit                1344     135.755 ± 6.056
--------------------------------------------------------------------------------
