System Dimensions and Properties
--------------------------------------------------------------------------------
Box_dim (Å):
  Full matrix: [31.1508, 36.0612, 61.0000, 0.0000, 0.0000, 0.0000, 0.0000, 0.0000, 0.0000]
Cell parameters:
  a, b, c (Å): 31.1508, 36.0612, 61.0000
  α, β, γ (°): 90.0000, 90.0000, 90.0000
  Volume: 68523.4490 Å³
System properties:
  Total mass: 71796.0607 amu
  Density: 1.7398 g/cm³

Box_dim and Cell explanations:
  Box_dim: A 1D array of Box dimensions, typically in Angstroms.
          For orthogonal boxes: [Lx, Ly, Lz]
          For triclinic boxes: [Lx, Ly, Lz, xy, xz, yz] or [Lx, Ly, Lz, α, β, γ]
  Cell: A 1×6 array with Cell parameters [a, b, c, α, β, γ]
        where a, b, c are lengths and α, β, γ are angles in degrees.
--------------------------------------------------------------------------------

Total charge (MINFF): -0.0000000

Unique Atom Types and Their Coordination Environment
--------------------------------------------------------------------------------
Type       Count  Neighbors                     Charge
--------------------------------------------------------------------------------
Alo        24     OhOhOmgOmgOmgOmg            1.782000
Alo        23     OhOhOmgOmgOpOp              1.782000
Alo        49     OhOhOpOpOpOp                1.782000
Alo        37     OhmgOhmgOmgOmgOmgOmg        1.782000
Alo        47     OhmgOhmgOmgOmgOpOp          1.782000
Alo        12     OhmgOhmgOpOpOpOp            1.782000
H          96     Oh                          0.400000
H          192    Ohmg                        0.400000
Hw         1994   Ow                          0.447585
Mgo        96     OhmgOhmgOmgOmgOmgOmg        1.562000
Na         96                                 1.000000
Ob         864    SitSit                     -0.942000
Oh         96     AloAloH                    -0.994000
Ohmg       192    AloHMgo                    -1.124000
Omg        384    AloMgoSit                  -1.195000
Op         192    AloAloSit                  -1.065000
Ow         997    HwHw                       -0.895170
Sit        384    ObObObOmg                   1.884000
Sit        192    ObObObOp                    1.884000
--------------------------------------------------------------------------------

Detailed Atom Type Statistics with Standard Deviations
--------------------------------------------------------------------------------
Type       Count  Coord#           Bond Dist (Å)        Angle (°)           
--------------------------------------------------------------------------------
Alo        192    6.00 ± 0.00      1.9300 ± 0.0117      105.682 ± 31.367    
H          288    1.00 ± 0.00      0.9219 ± 0.0066      117.585 ± 5.335 (H-O-M)
Hw         1994   1.00 ± 0.00      0.9769 ± 0.0080      100.817 ± 1.473 (H-O-M)
Mgo        96     6.00 ± 0.00      1.9296 ± 0.0122      105.684 ± 31.369    
Na         96     0.00 ± 0.00      N/A                  N/A                 
Ob         864    2.00 ± 0.00      1.6432 ± 0.0062      132.244 ± 5.311     
Oh         96     3.00 ± 0.00      1.5867 ± 0.4693      113.438 ± 8.166     
Ohmg       192    3.00 ± 0.00      1.5859 ± 0.4699      112.373 ± 8.095     
Omg        384    3.00 ± 0.00      1.8397 ± 0.1361      117.578 ± 11.384    
Op         192    3.00 ± 0.00      1.8396 ± 0.1360      117.577 ± 11.391    
Ow         997    2.00 ± 0.00      0.9769 ± 0.0080      100.817 ± 1.473     
Sit        576    4.00 ± 0.00      1.6443 ± 0.0062      109.442 ± 1.944     
--------------------------------------------------------------------------------

Bond Statistics for Unique Atom Type Pairs
--------------------------------------------------------------------------------
Bond Pair                 Count    Distance (Å)        
--------------------------------------------------------------------------------
Alo-Oh                    384      1.9185 ± 0.0040
Alo-Ohmg                  384      1.9185 ± 0.0041
Alo-Omg                   768      1.9360 ± 0.0102
Alo-Op                    768      1.9356 ± 0.0097
H-Oh                      192      0.9230 ± 0.0067
H-Ohmg                    384      0.9214 ± 0.0065
Hw-Ow                     3988     0.9769 ± 0.0080
Mgo-Ohmg                  384      1.9177 ± 0.0040
Mgo-Omg                   768      1.9356 ± 0.0104
Ob-Sit                    3456     1.6432 ± 0.0062
Omg-Sit                   768      1.6477 ± 0.0047
Op-Sit                    384      1.6477 ± 0.0048
--------------------------------------------------------------------------------

Angle Statistics for Unique Atom Type Triplets
--------------------------------------------------------------------------------
Angle Triplet             Count    Angle (°)           
--------------------------------------------------------------------------------
Alo-Oh-Alo                96       103.017 ± 0.113
Alo-Oh-H                  192      118.648 ± 4.308
Alo-Ohmg-H                192      117.089 ± 5.205
Alo-Ohmg-Mgo              192      103.012 ± 0.118
Alo-Omg-Mgo               384      101.622 ± 0.215
Alo-Omg-Sit               384      125.542 ± 1.850
Alo-Op-Alo                192      101.613 ± 0.206
Alo-Op-Sit                384      125.559 ± 1.862
H-Ohmg-Mgo                192      117.017 ± 6.168
Hw-Ow-Hw                  997      100.817 ± 1.473
Mgo-Omg-Sit               384      125.570 ± 1.840
Ob-Sit-Ob                 1728     107.921 ± 1.333
Ob-Sit-Omg                1152     110.963 ± 1.075
Ob-Sit-Op                 576      110.962 ± 1.072
Oh-Alo-Oh                 96       76.983 ± 0.151
Oh-Alo-Omg                284      112.595 ± 31.522
Oh-Alo-Op                 484      112.622 ± 31.542
Ohmg-Alo-Ohmg             96       76.969 ± 0.155
Ohmg-Alo-Omg              484      112.606 ± 31.527
Ohmg-Alo-Op               284      112.615 ± 31.529
Ohmg-Mgo-Ohmg             96       77.007 ± 0.153
Ohmg-Mgo-Omg              768      112.618 ± 31.540
Omg-Alo-Omg               436      97.563 ± 28.932
Omg-Alo-Op                280      112.656 ± 31.267
Omg-Mgo-Omg               576      101.217 ± 30.209
Op-Alo-Op                 436      97.554 ± 28.919
Sit-Ob-Sit                864      132.244 ± 5.311
--------------------------------------------------------------------------------
