System Dimensions and Properties
--------------------------------------------------------------------------------
Box_dim (Å):
  Full matrix: [61.9200, 107.5899, 44.0000, 0.0000, 0.0000, 0.6760, 0.0000, -1.6969, -0.1818]
Cell parameters:
  a, b, c (Å): 61.9200, 107.5920, 44.0331
  α, β, γ (°): 90.2504, 92.2086, 89.6400
  Volume: 293126.5308 Å³
System properties:
  Total mass: 287315.1629 amu
  Density: 1.6276 g/cm³

Box_dim and Cell explanations:
  Box_dim: A 1D array of Box dimensions, typically in Angstroms.
          For orthogonal boxes: [Lx, Ly, Lz]
          For triclinic boxes: [Lx, Ly, Lz, xy, xz, yz] or [Lx, Ly, Lz, α, β, γ]
  Cell: A 1×6 array with Cell parameters [a, b, c, α, β, γ]
        where a, b, c are lengths and α, β, γ are angles in degrees.
--------------------------------------------------------------------------------

Total charge (MINFF): 0.0000000

Unique Atom Types and Their Coordination Environment
--------------------------------------------------------------------------------
Type       Count  Neighbors                     Charge
--------------------------------------------------------------------------------
Alo        192    OhOhOmgOmgOpOp              1.782000
Alo        768    OhOhOpOpOpOp                1.782000
Alo        96     OhmgOhmgOpOpOpOp            1.782000
H          960    Oh                          0.400000
H          192    Ohmg                        0.400000
Hw         8640   Ow                          0.447585
Mgo        96     OhmgOhmgOmgOmgOmgOmg        1.562000
Na         96                                 1.000000
Ob         3456   SitSit                     -0.942000
Oh         960    AloAloH                    -0.994000
Ohmg       192    AloHMgo                    -1.124000
Omg        384    AloMgoSit                  -1.195000
Op         1920   AloAloSit                  -1.065000
Ow         4320   HwHw                       -0.895170
Sit        384    ObObObOmg                   1.884000
Sit        1920   ObObObOp                    1.884000
--------------------------------------------------------------------------------

Detailed Atom Type Statistics with Standard Deviations
--------------------------------------------------------------------------------
Type       Count  Coord#           Bond Dist (Å)        Angle (°)           
--------------------------------------------------------------------------------
Alo        1056   6.00 ± 0.00      1.9107 ± 0.0194      105.493 ± 30.964    
H          1152   1.00 ± 0.00      0.9679 ± 0.0087      128.181 ± 1.661 (H-O-M)
Hw         8640   1.00 ± 0.00      0.9999 ± 0.0040      109.471 ± 0.349 (H-O-M)
Mgo        96     6.00 ± 0.00      1.9105 ± 0.0192      105.492 ± 30.962    
Na         96     0.00 ± 0.00      N/A                  N/A                 
Ob         3456   2.00 ± 0.00      1.6133 ± 0.0187      135.754 ± 6.056     
Oh         960    3.00 ± 0.00      1.5802 ± 0.4329      119.997 ± 11.654    
Ohmg       192    3.00 ± 0.00      1.5801 ± 0.4329      119.996 ± 11.656    
Omg        384    3.00 ± 0.00      1.8278 ± 0.1347      117.820 ± 11.194    
Op         1920   3.00 ± 0.00      1.8278 ± 0.1347      117.817 ± 11.197    
Ow         4320   2.00 ± 0.00      0.9999 ± 0.0040      109.471 ± 0.349     
Sit        2304   4.00 ± 0.00      1.6194 ± 0.0194      109.463 ± 1.228     
--------------------------------------------------------------------------------

Bond Statistics for Unique Atom Type Pairs
--------------------------------------------------------------------------------
Bond Pair                 Count    Distance (Å)        
--------------------------------------------------------------------------------
Alo-Oh                    3840     1.8863 ± 0.0049
Alo-Ohmg                  384      1.8860 ± 0.0051
Alo-Omg                   768      1.9232 ± 0.0100
Alo-Op                    7680     1.9229 ± 0.0103
H-Oh                      1920     0.9679 ± 0.0087
H-Ohmg                    384      0.9680 ± 0.0088
Hw-Ow                     17280    0.9999 ± 0.0040
Mgo-Ohmg                  384      1.8864 ± 0.0050
Mgo-Omg                   768      1.9226 ± 0.0102
Ob-Sit                    13824    1.6133 ± 0.0187
Omg-Sit                   768      1.6377 ± 0.0042
Op-Sit                    3840     1.6376 ± 0.0043
--------------------------------------------------------------------------------

Angle Statistics for Unique Atom Type Triplets
--------------------------------------------------------------------------------
Angle Triplet             Count    Angle (°)           
--------------------------------------------------------------------------------
Alo-Oh-Alo                960      103.627 ± 0.105
Alo-Oh-H                  1920     128.181 ± 1.659
Alo-Ohmg-H                192      128.152 ± 1.679
Alo-Ohmg-Mgo              192      103.626 ± 0.105
Alo-Omg-Mgo               384      102.225 ± 0.652
Alo-Omg-Sit               384      125.602 ± 2.310
Alo-Op-Alo                1920     102.219 ± 0.661
Alo-Op-Sit                3840     125.616 ± 2.317
H-Ohmg-Mgo                192      128.211 ± 1.665
Hw-Ow-Hw                  4320     109.471 ± 0.349
Mgo-Omg-Sit               384      125.632 ± 2.319
Ob-Sit-Ob                 6912     109.620 ± 1.380
Ob-Sit-Omg                1152     109.305 ± 1.033
Ob-Sit-Op                 5760     109.305 ± 1.030
Oh-Alo-Oh                 960      76.373 ± 0.184
Oh-Alo-Omg                768      112.635 ± 30.901
Oh-Alo-Op                 6912     112.601 ± 30.900
Ohmg-Alo-Ohmg             96       76.384 ± 0.202
Ohmg-Alo-Op               768      112.636 ± 30.904
Ohmg-Mgo-Ohmg             96       76.363 ± 0.178
Ohmg-Mgo-Omg              768      112.570 ± 30.894
Omg-Alo-Omg               192      77.742 ± 0.244
Omg-Alo-Op                768      112.353 ± 30.647
Omg-Mgo-Omg               576      100.910 ± 29.913
Op-Alo-Op                 5376     100.045 ± 29.669
Sit-Ob-Sit                3456     135.754 ± 6.056
--------------------------------------------------------------------------------
