System Dimensions and Properties
--------------------------------------------------------------------------------
Box_dim (Å):
  Full matrix: [31.1508, 36.0612, 61.0000, 0.0000, 0.0000, 0.0000, 0.0000, 0.0000, 0.0000]
Cell parameters:
  a, b, c (Å): 31.1508, 36.0612, 61.0000
  α, β, γ (°): 90.0000, 90.0000, 90.0000
  Volume: 68523.4490 Å³
System properties:
  Total mass: 17924.6060 amu
  Density: 0.4344 g/cm³

Box_dim and Cell explanations:
  Box_dim: A 1D array of Box dimensions, typically in Angstroms.
          For orthogonal boxes: [Lx, Ly, Lz]
          For triclinic boxes: [Lx, Ly, Lz, xy, xz, yz] or [Lx, Ly, Lz, α, β, γ]
  Cell: A 1×6 array with Cell parameters [a, b, c, α, β, γ]
        where a, b, c are lengths and α, β, γ are angles in degrees.
--------------------------------------------------------------------------------

Total charge (MINFF): -34.0000000

Unique Atom Types and Their Coordination Environment
--------------------------------------------------------------------------------
Type       Count  Neighbors                     Charge
--------------------------------------------------------------------------------
Ale        32     O_ovO_ovO_ovO_ovOb          1.985000
Alt        34     O_ovO_ovObsOh               1.782000
H          50     O_ov                        0.400000
H          34     Oh                          0.400000
H          16     Ome                         0.400000
Mg_un      18     O_ovO_ovO_ovO_ovOmg         0.000000
Mg_un      16     O_ovO_ovOmeOmg              0.000000
O_ov       14     AleAleH                    -0.994000
O_ov       16     AleAltSit                  -0.963500
O_ov       16     AleAltSite                 -0.963500
O_ov       36     AleHMg_un                  -0.797000
O_ov       16     AleMg_unSit                -0.768000
O_ov       16     AleMg_unSite               -0.768000
O_ov       18     AltMg_unSit                -0.766500
O_ov       18     AltMg_unSite               -0.766500
Ob         32     AleSite                    -1.268000
Ob         50     SitSite                    -0.942000
Ob         100    SiteSite                   -0.942000
Obs        34     AltSite                    -1.166500
Oh         34     AltH                       -1.095500
Ome        16     HMg_un                     -0.900000
Omg        34     Mg_unSite            -1.071000, -0.971000
Osi        100    Sit                        -1.471000
Osi        50     Site                       -1.471000
Sit        50     O_ovObOsiOsi                1.884000
Site       50     O_ovObOb                    2.413000
Site       32     ObObOb                      2.413000
Site       18     ObObOmg                     2.413000
Site       34     ObObsOsi                    2.413000
Site       16     ObOmgOsi                    2.413000
--------------------------------------------------------------------------------

Detailed Atom Type Statistics with Standard Deviations
--------------------------------------------------------------------------------
Type       Count  Coord#           Bond Dist (Å)        Angle (°)           
--------------------------------------------------------------------------------
Ale        32     5.00 ± 0.00      1.9271 ± 0.0109      105.583 ± 31.401    
Alt        34     4.00 ± 0.00      1.9323 ± 0.0125      104.192 ± 28.841    
H          100    1.00 ± 0.00      0.9221 ± 0.0062      118.542 ± 1.739 (H-O-M)
Mg_un      34     4.53 ± 0.50      1.9292 ± 0.0114      105.120 ± 30.561    
O_ov       150    3.00 ± 0.00      1.7553 ± 0.3168      116.136 ± 10.370    
Ob         182    2.00 ± 0.00      1.6686 ± 0.0810      130.814 ± 5.847     
Obs        34     2.00 ± 0.00      1.7955 ± 0.1445      127.476 ± 0.252     
Oh         34     2.00 ± 0.00      1.4213 ± 0.4964      118.963 ± 1.722     
Ome        16     2.00 ± 0.00      1.4200 ± 0.4970      118.190 ± 1.544     
Omg        34     2.00 ± 0.00      1.7925 ± 0.1420      125.446 ± 1.913     
Osi        150    1.00 ± 0.00      1.6409 ± 0.0049      N/A                 
Sit        50     4.00 ± 0.00      1.6447 ± 0.0046      109.444 ± 1.818     
Site       150    3.00 ± 0.00      1.6447 ± 0.0071      109.983 ± 1.855     
--------------------------------------------------------------------------------

Bond Statistics for Unique Atom Type Pairs
--------------------------------------------------------------------------------
Bond Pair                 Count    Distance (Å)        
--------------------------------------------------------------------------------
Ale-O_ov                  256      1.9266 ± 0.0119
Ale-Ob                    64       1.9288 ± 0.0054
Alt-O_ov                  136      1.9358 ± 0.0119
Alt-Obs                   68       1.9400 ± 0.0048
Alt-Oh                    68       1.9176 ± 0.0042
H-O_ov                    100      0.9198 ± 0.0042
H-Oh                      68       0.9249 ± 0.0065
H-Ome                     32       0.9230 ± 0.0078
Mg_un-O_ov                208      1.9294 ± 0.0107
Mg_un-Ome                 32       1.9169 ± 0.0042
Mg_un-Omg                 68       1.9342 ± 0.0117
O_ov-Sit                  100      1.6501 ± 0.0020
O_ov-Site                 100      1.6502 ± 0.0019
Ob-Sit                    100      1.6429 ± 0.0039
Ob-Site                   564      1.6437 ± 0.0070
Obs-Site                  68       1.6511 ± 0.0018
Omg-Site                  68       1.6508 ± 0.0025
Osi-Sit                   200      1.6429 ± 0.0037
Osi-Site                  100      1.6367 ± 0.0044
--------------------------------------------------------------------------------

Angle Statistics for Unique Atom Type Triplets
--------------------------------------------------------------------------------
Angle Triplet             Count    Angle (°)           
--------------------------------------------------------------------------------
Ale-O_ov-Ale              14       103.032 ± 0.091
Ale-O_ov-Alt              32       101.694 ± 0.212
Ale-O_ov-H                64       118.584 ± 1.741
Ale-O_ov-Mg_un            68       102.406 ± 0.690
Ale-O_ov-Sit              32       123.632 ± 0.148
Ale-O_ov-Site             32       127.337 ± 0.136
Ale-Ob-Site               32       123.687 ± 0.205
Alt-O_ov-Mg_un            36       101.668 ± 0.205
Alt-O_ov-Sit              34       127.288 ± 0.154
Alt-O_ov-Site             34       123.637 ± 0.119
Alt-Obs-Site              34       127.476 ± 0.252
Alt-Oh-H                  34       118.963 ± 1.722
H-O_ov-Mg_un              36       118.225 ± 1.739
H-Ome-Mg_un               16       118.190 ± 1.544
Mg_un-O_ov-Sit            34       125.386 ± 1.604
Mg_un-O_ov-Site           34       125.577 ± 1.685
Mg_un-Omg-Site            34       125.446 ± 1.913
O_ov-Ale-O_ov             192      101.015 ± 30.598
O_ov-Ale-Ob               128      112.436 ± 31.344
O_ov-Alt-O_ov             34       78.275 ± 0.148
O_ov-Alt-Obs              68       95.569 ± 2.653
O_ov-Alt-Oh               68       94.318 ± 1.419
O_ov-Mg_un-O_ov           124      98.117 ± 29.566
O_ov-Mg_un-Ome            32       94.335 ± 1.408
O_ov-Mg_un-Omg            104      107.234 ± 27.266
O_ov-Sit-Ob               50       112.184 ± 0.225
O_ov-Sit-Osi              100      110.300 ± 0.226
O_ov-Site-Ob              100      110.266 ± 0.208
Ob-Sit-Osi                100      108.280 ± 1.316
Ob-Site-Ob                164      109.668 ± 1.800
Ob-Site-Obs               34       110.185 ± 0.225
Ob-Site-Omg               52       111.013 ± 1.295
Ob-Site-Osi               50       106.741 ± 0.142
Obs-Alt-Oh                34       167.099 ± 0.099
Obs-Site-Osi              34       112.577 ± 0.194
Ome-Mg_un-Omg             16       167.232 ± 0.142
Omg-Site-Osi              16       112.297 ± 0.203
Osi-Sit-Osi               50       107.321 ± 0.160
Sit-Ob-Site               50       139.842 ± 0.313
Site-Ob-Site              100      128.580 ± 0.395
--------------------------------------------------------------------------------
