System Dimensions and Properties
--------------------------------------------------------------------------------
Box_dim (Å):
  Full matrix: [31.1508, 36.0612, 61.0000, 0.0000, 0.0000, 0.0000, 0.0000, 0.0000, 0.0000]
Cell parameters:
  a, b, c (Å): 31.1508, 36.0612, 61.0000
  α, β, γ (°): 90.0000, 90.0000, 90.0000
  Volume: 68523.4490 Å³

Box_dim and Cell explanations:
  Box_dim: A 1D array of Box dimensions, typically in Angstroms.
          For orthogonal boxes: [Lx, Ly, Lz]
          For triclinic boxes: [Lx, Ly, Lz, xy, xz, yz] or [Lx, Ly, Lz, α, β, γ]
  Cell: A 1×6 array with Cell parameters [a, b, c, α, β, γ]
        where a, b, c are lengths and α, β, γ are angles in degrees.
--------------------------------------------------------------------------------

Total charge (MINFF): 0.0000000

Unique Atom Types and Their Coordination Environment
--------------------------------------------------------------------------------
Type       Count  Neighbors                     Charge
--------------------------------------------------------------------------------
Al         192    OOOOOO                      0.000000
H          2282   O                           0.000000
Mg         96     OOOOOO                      0.000000
Na         12                                 0.000000
Na         15     O                           0.000000
Na         1      OO                          0.000000
Na         68     OOSi                        0.000000
O          96     AlAlHO                      0.000000
O          140    AlAlOSi                     0.000000
O          52     AlAlSi                      0.000000
O          192    AlHMgO                      0.000000
O          276    AlMgOSi                     0.000000
O          108    AlMgSi                      0.000000
O          980    HH                          0.000000
O          17     HHNa                        0.000000
O          136    NaSiSi                      0.000000
O          728    SiSi                        0.000000
Si         68     NaOOOO                      0.000000
Si         508    OOOO                        0.000000
--------------------------------------------------------------------------------

Detailed Atom Type Statistics with Standard Deviations
--------------------------------------------------------------------------------
Type       Count  Coord#           Bond Dist (Å)        Angle (°)           
--------------------------------------------------------------------------------
Al         192    6.00 ± 0.00      1.9300 ± 0.0117      105.682 ± 31.367    
H          2282   1.00 ± 0.00      0.9699 ± 0.0199      108.188 ± 12.927 (H-O-M)
Mg         96     6.00 ± 0.00      1.9296 ± 0.0122      105.684 ± 31.369    
Na         96     2.30 ± 1.13      2.0505 ± 0.1190      59.902 ± 18.774     
O          2725   2.63 ± 0.87      1.5823 ± 0.4722      105.617 ± 32.393    
Si         576    4.12 ± 0.32      1.6594 ± 0.0876      108.203 ± 11.966    
--------------------------------------------------------------------------------

Bond Statistics for Unique Atom Type Pairs
--------------------------------------------------------------------------------
Bond Pair                 Count    Distance (Å)        
--------------------------------------------------------------------------------
Al-O                      2304     1.9300 ± 0.0117
H-O                       4564     0.9699 ± 0.0199
Mg-O                      1152     1.9296 ± 0.0122
Na-O                      306      1.9984 ± 0.1078
Na-Si                     136      2.1677 ± 0.0011
O-O                       704      2.4210 ± 0.0276
O-Si                      4608     1.6443 ± 0.0062
--------------------------------------------------------------------------------

Angle Statistics for Unique Atom Type Triplets
--------------------------------------------------------------------------------
Angle Triplet             Count    Angle (°)           
--------------------------------------------------------------------------------
Al-O-Al                   288      102.081 ± 0.686
Al-O-H                    384      117.869 ± 4.841
Al-O-Mg                   576      102.085 ± 0.682
Al-O-O                    940      51.115 ± 0.434
Al-O-Si                   768      125.551 ± 1.856
H-O-H                     997      100.817 ± 1.473
H-O-Mg                    192      117.017 ± 6.168
H-O-Na                    34       124.274 ± 15.888
H-O-O                     288      138.528 ± 8.509
Mg-O-O                    468      51.105 ± 0.437
Mg-O-Si                   384      125.570 ± 1.840
Na-O-Si                   272      106.595 ± 35.602
Na-Si-O                   272      92.467 ± 40.587
O-Al-O                    2880     105.682 ± 31.367
O-Mg-O                    1440     105.684 ± 31.369
O-Na-O                    69       86.258 ± 0.121
O-Na-Si                   136      46.530 ± 0.196
O-O-Si                    416      156.906 ± 0.256
O-Si-O                    3456     109.442 ± 1.944
Si-O-Si                   864      132.244 ± 5.311
--------------------------------------------------------------------------------
