Atom Type Summary - MINFF Forcefield
Generated: 2025-04-05 01:20:38
Source File: Kaolinite_system
Total Atoms: 2040

Element Composition Summary:
----------------------------------------
Al     240       11.76%
H      480       23.53%
O      1080      52.94%
Si     240       11.76%
----------------------------------------

Unique Atom Types and Their Coordination Environment
----------------------------------------------------------------------
Type       Count  Neighbors                 Charge         
----------------------------------------------------------------------
Alo        240    OhOhOhOhOpOp              1.782          
H          480    Oh                        0.400          
Ob         360    SitSit                    -0.942         
Oh         480    AloAloH                   -0.994         
Op         240    AloAloSit                 -1.065         
Sit        240    ObObObOp                  1.884          
----------------------------------------------------------------------

Detailed Charge Statistics by Atom Type
----------------------------------------------------------------------
Type       Count  Avg Charge   Min      Max      Elements       
----------------------------------------------------------------------
Alo        240      +1.782    +1.782  +1.782  Al             
H          480      +0.400    +0.400  +0.400  H              
Ob         360      -0.942    -0.942  -0.942  O              
Oh         480      -0.994    -0.994  -0.994  O              
Op         240      -1.065    -1.065  -1.065  O              
Sit        240      +1.884    +1.884  +1.884  Si             
----------------------------------------------------------------------

