System Dimensions and Properties
----------------------------------------------------------------------
Box_dim (Å):
  Full matrix: [25.7700, 26.8258, 28.5335, 0.0000, 0.0000, 0.0936, 0.0000, -7.6766, -0.9689]

Box_dim and Cell explanations:
  Box_dim: A 1D array of box dimensions, typically in Angstroms.
          For orthogonal boxes: [Lx, Ly, Lz]
          For triclinic boxes: [Lx, Ly, Lz, xy, xz, yz] or [Lx, Ly, Lz, α, β, γ]
  Cell: A 1×6 array with cell parameters [a, b, c, α, β, γ]
        where a, b, c are lengths and α, β, γ are angles in degrees.
----------------------------------------------------------------------

Total charge (MINFF): 0.0000000

Unique Atom Types and Their Coordination Environment
----------------------------------------------------------------------
Type       Count  Neighbors                 Charge         
----------------------------------------------------------------------
None       2                                None
----------------------------------------------------------------------

Detailed Atom Type Statistics with Standard Deviations
----------------------------------------------------------------------------------------------------
Type       Count  Coord#          Bond Dist (Å)        Angle (°)           
----------------------------------------------------------------------------------------------------
None       2      N/A             N/A                  N/A                 
----------------------------------------------------------------------------------------------------

Bond Statistics for Unique Atom Type Pairs
--------------------------------------------------------------------------------
Bond Pair                           Count     Avg Distance (Å)    Std Dev
--------------------------------------------------------------------------------
--------------------------------------------------------------------------------

Angle Statistics for Unique Atom Type Triplets
--------------------------------------------------------------------------------
Angle Triplet                            Count   Avg Angle (°)    Std Dev
--------------------------------------------------------------------------------
--------------------------------------------------------------------------------
