System Dimensions and Properties
--------------------------------------------------------------------------------
Box_dim (Å):
  Full matrix: [30.9600, 35.8633, 9.1899, 0.0000, 0.0000, 0.2253, 0.0000, -1.6969, -0.1818]
Cell parameters:
  a, b, c (Å): 30.9600, 35.8640, 9.3470
  α, β, γ (°): 91.1800, 100.4600, 89.6400
  Volume: 10203.7650 Å³
System properties:
  Total mass: 17294.9990 amu
  Density: 2.8146 g/cm³

Box_dim and Cell explanations:
  Box_dim: A 1D array of Box dimensions, typically in Angstroms.
          For orthogonal boxes: [Lx, Ly, Lz]
          For triclinic boxes: [Lx, Ly, Lz, xy, xz, yz] or [Lx, Ly, Lz, α, β, γ]
  Cell: A 1×6 array with Cell parameters [a, b, c, α, β, γ]
        where a, b, c are lengths and α, β, γ are angles in degrees.
--------------------------------------------------------------------------------

Total charge (CLAYFF): -34.0000000

Unique Atom Types and Their Coordination Environment
--------------------------------------------------------------------------------
Type       Count  Neighbors                     Charge
--------------------------------------------------------------------------------
Alo        48     H_ovOhOhOpOpOpOp            1.575000
Alo        48     OhOhOpOpOpOp                1.575000
H          48     Oh                          0.425000
H_ov       48     AloOh                       0.000000
Ob         288    SitSit                     -1.050397
Oh         48     AloAloH                    -0.950397
Oh         48     AloAloH_ov                 -1.093254
Op         192    AloAloSit            -1.118254, -1.084325, -1.050397
Sit        192    ObObObOp                    2.100000
--------------------------------------------------------------------------------

Detailed Atom Type Statistics with Standard Deviations
--------------------------------------------------------------------------------
Type       Count  Coord#           Bond Dist (Å)        Angle (°)           
--------------------------------------------------------------------------------
Alo        96     6.50 ± 0.50      1.8483 ± 0.2208      102.889 ± 33.303    
H          48     1.00 ± 0.00      0.9800 ± 0.0000      78.077 ± 43.746 (H-O-M)
H_ov       48     2.00 ± 0.00      1.0328 ± 0.0537      132.136 ± 1.853     
Ob         288    2.00 ± 0.00      1.6120 ± 0.0056      135.996 ± 6.151     
Oh         96     3.00 ± 0.00      1.5855 ± 0.4282      82.284 ± 37.859     
Op         192    3.00 ± 0.00      1.8270 ± 0.1368      117.850 ± 11.275    
Sit        192    4.00 ± 0.00      1.6174 ± 0.0105      109.464 ± 1.174     
--------------------------------------------------------------------------------

Bond Statistics for Unique Atom Type Pairs
--------------------------------------------------------------------------------
Bond Pair                 Count    Distance (Å)        
--------------------------------------------------------------------------------
Alo-H_ov                  96       1.0855 ± 0.0146
Alo-Oh                    384      1.8883 ± 0.0002
Alo-Op                    768      1.9237 ± 0.0021
H-Oh                      96       0.9800 ± 0.0000
H_ov-Oh                   96       0.9800 ± 0.0000
Ob-Sit                    1152     1.6120 ± 0.0056
Op-Sit                    384      1.6335 ± 0.0012
--------------------------------------------------------------------------------

Angle Statistics for Unique Atom Type Triplets
--------------------------------------------------------------------------------
Angle Triplet             Count    Angle (°)           
--------------------------------------------------------------------------------
Alo-H_ov-Oh               48       132.136 ± 1.853
Alo-Oh-Alo                96       103.493 ± 0.001
Alo-Oh-H                  96       78.077 ± 43.746
Alo-Oh-H_ov               96       65.283 ± 40.369
Alo-Op-Alo                192      102.143 ± 0.109
Alo-Op-Sit                384      125.704 ± 2.377
H_ov-Alo-Oh               96       51.461 ± 29.164
H_ov-Alo-Op               192      109.089 ± 31.115
Ob-Sit-Ob                 576      109.584 ± 1.397
Ob-Sit-Op                 576      109.344 ± 0.881
Oh-Alo-Oh                 96       76.507 ± 0.001
Oh-Alo-Op                 768      112.577 ± 30.904
Op-Alo-Op                 576      100.871 ± 29.843
Sit-Ob-Sit                288      135.996 ± 6.151
--------------------------------------------------------------------------------
