System Dimensions and Properties
--------------------------------------------------------------------------------
Box_dim (Å):
  Full matrix: [5.1600, 8.9658, 9.1899, 0.0000, 0.0000, 0.0563, 0.0000, -1.6969, -0.1818]
Cell parameters:
  a, b, c (Å): 5.1600, 8.9660, 9.3470
  α, β, γ (°): 91.1800, 100.4600, 89.6400
  Volume: 425.1570 Å³
System properties:
  Total mass: 720.6250 amu
  Density: 2.8146 g/cm³

Box_dim and Cell explanations:
  Box_dim: A 1D array of Box dimensions, typically in Angstroms.
          For orthogonal boxes: [Lx, Ly, Lz]
          For triclinic boxes: [Lx, Ly, Lz, xy, xz, yz] or [Lx, Ly, Lz, α, β, γ]
  Cell: A 1×6 array with Cell parameters [a, b, c, α, β, γ]
        where a, b, c are lengths and α, β, γ are angles in degrees.
--------------------------------------------------------------------------------

Total charge (MINFF): 0.0000000

Unique Atom Types and Their Coordination Environment
--------------------------------------------------------------------------------
Type       Count  Neighbors                     Charge
--------------------------------------------------------------------------------
Alo        4      OhOhOpOpOpOp                1.782000
H          4      Oh                          0.400000
Ob         12     SitSit                     -0.942000
Oh         4      AloAloH                    -0.994000
Op         8      AloAloSit                  -1.065000
Sit        8      ObObObOp                    1.884000
--------------------------------------------------------------------------------

Detailed Atom Type Statistics with Standard Deviations
--------------------------------------------------------------------------------
Type       Count  Coord#           Bond Dist (Å)        Angle (°)           
--------------------------------------------------------------------------------
Alo        4      6.00 ± 0.00      1.9119 ± 0.0168      105.490 ± 30.934    
H          4      1.00 ± 0.00      0.9800 ± 0.0000      120.820 ± 19.859 (H-O-M)
Ob         12     2.00 ± 0.00      1.6120 ± 0.0056      135.996 ± 6.150     
Oh         4      3.00 ± 0.00      1.5855 ± 0.4282      115.045 ± 18.156    
Op         8      3.00 ± 0.00      1.8270 ± 0.1368      117.851 ± 11.275    
Sit        8      4.00 ± 0.00      1.6174 ± 0.0105      109.464 ± 1.174     
--------------------------------------------------------------------------------

Bond Statistics for Unique Atom Type Pairs
--------------------------------------------------------------------------------
Bond Pair                 Count    Distance (Å)        
--------------------------------------------------------------------------------
Alo-Oh                    16       1.8883 ± 0.0002
Alo-Op                    32       1.9237 ± 0.0021
H-Oh                      8        0.9800 ± 0.0000
Ob-Sit                    48       1.6120 ± 0.0056
Op-Sit                    16       1.6335 ± 0.0011
--------------------------------------------------------------------------------

Angle Statistics for Unique Atom Type Triplets
--------------------------------------------------------------------------------
Angle Triplet             Count    Angle (°)           
--------------------------------------------------------------------------------
Alo-Oh-Alo                4        103.494 ± 0.000
Alo-Oh-H                  8        120.820 ± 19.859
Alo-Op-Alo                8        102.143 ± 0.109
Alo-Op-Sit                16       125.704 ± 2.377
Ob-Sit-Ob                 24       109.584 ± 1.397
Ob-Sit-Op                 24       109.344 ± 0.881
Oh-Alo-Oh                 4        76.506 ± 0.000
Oh-Alo-Op                 32       112.577 ± 30.904
Op-Alo-Op                 24       100.871 ± 29.843
Sit-Ob-Sit                12       135.996 ± 6.150
--------------------------------------------------------------------------------
