System Dimensions and Properties
--------------------------------------------------------------------------------
Box_dim (Å):
  Full matrix: [30.9600, 35.8633, 9.1899, 0.0000, 0.0000, 0.2253, 0.0000, -1.6969, -0.1818]
Cell parameters:
  a, b, c (Å): 30.9600, 35.8640, 9.3470
  α, β, γ (°): 91.1800, 100.4600, 89.6400
  Volume: 10203.7650 Å³
System properties:
  Total mass: 17294.9990 amu
  Density: 2.8146 g/cm³

Box_dim and Cell explanations:
  Box_dim: A 1D array of Box dimensions, typically in Angstroms.
          For orthogonal boxes: [Lx, Ly, Lz]
          For triclinic boxes: [Lx, Ly, Lz, xy, xz, yz] or [Lx, Ly, Lz, α, β, γ]
  Cell: A 1×6 array with Cell parameters [a, b, c, α, β, γ]
        where a, b, c are lengths and α, β, γ are angles in degrees.
--------------------------------------------------------------------------------

Total charge (MINFF): 0.0000000

Unique Atom Types and Their Coordination Environment
--------------------------------------------------------------------------------
Type       Count  Neighbors                     Charge
--------------------------------------------------------------------------------
Alo        96     OhOhOpOpOpOp                1.782000
H          96     Oh                          0.400000
Ob         288    SitSit                     -0.942000
Oh         96     AloAloH                    -0.994000
Op         192    AloAloSit                  -1.065000
Sit        192    ObObObOp                    1.884000
--------------------------------------------------------------------------------

Detailed Atom Type Statistics with Standard Deviations
--------------------------------------------------------------------------------
Type       Count  Coord#           Bond Dist (Å)        Angle (°)           
--------------------------------------------------------------------------------
Alo        96     6.00 ± 0.00      1.9119 ± 0.0168      105.490 ± 30.934    
H          96     1.00 ± 0.00      0.9800 ± 0.0000      106.520 ± 43.014 (H-O-M)
Ob         288    2.00 ± 0.00      1.6120 ± 0.0056      135.996 ± 6.151     
Oh         96     3.00 ± 0.00      1.5855 ± 0.4282      105.511 ± 35.150    
Op         192    3.00 ± 0.00      1.8270 ± 0.1368      117.850 ± 11.275    
Sit        192    4.00 ± 0.00      1.6174 ± 0.0105      109.464 ± 1.174     
--------------------------------------------------------------------------------

Bond Statistics for Unique Atom Type Pairs
--------------------------------------------------------------------------------
Bond Pair                 Count    Distance (Å)        
--------------------------------------------------------------------------------
Alo-Oh                    384      1.8883 ± 0.0002
Alo-Op                    768      1.9237 ± 0.0021
H-Oh                      192      0.9800 ± 0.0000
Ob-Sit                    1152     1.6120 ± 0.0056
Op-Sit                    384      1.6335 ± 0.0012
--------------------------------------------------------------------------------

Angle Statistics for Unique Atom Type Triplets
--------------------------------------------------------------------------------
Angle Triplet             Count    Angle (°)           
--------------------------------------------------------------------------------
Alo-Oh-Alo                96       103.493 ± 0.001
Alo-Oh-H                  192      106.520 ± 43.014
Alo-Op-Alo                192      102.143 ± 0.109
Alo-Op-Sit                384      125.704 ± 2.377
Ob-Sit-Ob                 576      109.584 ± 1.397
Ob-Sit-Op                 576      109.344 ± 0.881
Oh-Alo-Oh                 96       76.507 ± 0.001
Oh-Alo-Op                 768      112.577 ± 30.904
Op-Alo-Op                 576      100.871 ± 29.843
Sit-Ob-Sit                288      135.996 ± 6.151
--------------------------------------------------------------------------------
