System Dimensions and Properties
--------------------------------------------------------------------------------
Box_dim (Å):
  Full matrix: [87.7200, 152.4190, 44.0000, 0.0000, 0.0000, 0.9577, 0.0000, -1.6969, -0.1818]
Cell parameters:
  a, b, c (Å): 87.7200, 152.4220, 44.0331
  α, β, γ (°): 90.2504, 92.2086, 89.6400
  Volume: 588288.5659 Å³

Box_dim and Cell explanations:
  Box_dim: A 1D array of box dimensions, typically in Angstroms.
          For orthogonal boxes: [Lx, Ly, Lz]
          For triclinic boxes: [Lx, Ly, Lz, xy, xz, yz] or [Lx, Ly, Lz, α, β, γ]
  Cell: A 1×6 array with cell parameters [a, b, c, α, β, γ]
        where a, b, c are lengths and α, β, γ are angles in degrees.
--------------------------------------------------------------------------------

Total charge: 0.0000000

Unique Atom Types and Their Coordination Environment
--------------------------------------------------------------------------------
Type       Count  Neighbors                     Charge
--------------------------------------------------------------------------------
Alo        388    OhOhOmgOmgOpOp               0.00000
Alo        1536   OhOhOpOpOpOp                 0.00000
Alo        194    OhmgOhmgOpOpOpOp             0.00000
H          1924   Oh                           0.00000
H          388    Ohmg                         0.00000
Hw         17340  Ow                           0.00000
Mgo        194    OhmgOhmgOmgOmgOmgOmg         0.00000
Na         194                                 0.00000
Ob         6936   SitSit                       0.00000
Oh         1924   AloAloH                      0.00000
Ohmg       388    AloHMgo                      0.00000
Omg        776    AloMgoSit                    0.00000
Op         3848   AloAloSit                    0.00000
Ow         8670   HwHw                         0.00000
Sit        776    ObObObOmg                    0.00000
Sit        3848   ObObObOp                     0.00000
--------------------------------------------------------------------------------

Detailed Atom Type Statistics with Standard Deviations
--------------------------------------------------------------------------------
Type       Count  Coord#           Bond Dist (Å)        Angle (°)           
--------------------------------------------------------------------------------
Alo        2118   6.00 ± 0.00      1.9107 ± 0.0194      105.495 ± 30.964    
H          2312   1.00 ± 0.00      0.9679 ± 0.0087      128.182 ± 1.663 (H-O-M)
Hw         17340  1.00 ± 0.00      0.9999 ± 0.0040      N/A                 
Mgo        194    6.00 ± 0.00      1.9106 ± 0.0194      105.494 ± 30.971    
Na         194    0.00 ± 0.00      N/A                  N/A                 
Ob         6936   2.00 ± 0.00      1.6133 ± 0.0187      135.754 ± 6.056     
Oh         1924   3.00 ± 0.00      1.5802 ± 0.4329      119.997 ± 11.657    
Ohmg       388    3.00 ± 0.00      1.5800 ± 0.4333      119.997 ± 11.662    
Omg        776    3.00 ± 0.00      1.8279 ± 0.1348      117.816 ± 11.195    
Op         3848   3.00 ± 0.00      1.8278 ± 0.1347      117.817 ± 11.197    
Ow         8670   2.00 ± 0.00      0.9999 ± 0.0040      109.473 ± 0.347     
Sit        4624   4.00 ± 0.00      1.6194 ± 0.0194      109.463 ± 1.228     
--------------------------------------------------------------------------------

Bond Statistics for Unique Atom Type Pairs
--------------------------------------------------------------------------------
Bond Pair                 Count    Distance (Å)        
--------------------------------------------------------------------------------
Alo-Oh                    7696     1.8862 ± 0.0050
Alo-Ohmg                  776      1.8862 ± 0.0050
Alo-Omg                   1552     1.9232 ± 0.0103
Alo-Op                    15392    1.9228 ± 0.0103
H-Oh                      3848     0.9680 ± 0.0087
H-Ohmg                    776      0.9676 ± 0.0086
Hw-Ow                     34680    0.9999 ± 0.0040
Mgo-Ohmg                  776      1.8862 ± 0.0049
Mgo-Omg                   1552     1.9227 ± 0.0104
Ob-Sit                    27744    1.6133 ± 0.0187
Omg-Sit                   1552     1.6376 ± 0.0043
Op-Sit                    7696     1.6376 ± 0.0043
--------------------------------------------------------------------------------

Angle Statistics for Unique Atom Type Triplets
--------------------------------------------------------------------------------
Angle Triplet             Count    Angle (°)           
--------------------------------------------------------------------------------
Alo-Oh-Alo                1924     103.627 ± 0.114
Alo-Oh-H                  3848     128.181 ± 1.671
Alo-Ohmg-H                388      128.099 ± 1.630
Alo-Ohmg-Mgo              388      103.619 ± 0.112
Alo-Omg-Mgo               776      102.225 ± 0.665
Alo-Omg-Sit               776      125.599 ± 2.318
Alo-Op-Alo                3848     102.220 ± 0.659
Alo-Op-Sit                7696     125.616 ± 2.316
H-Ohmg-Mgo                388      128.273 ± 1.616
Hw-Ow-Hw                  8670     109.473 ± 0.347
Mgo-Omg-Sit               776      125.624 ± 2.319
Ob-Sit-Ob                 13872    109.620 ± 1.381
Ob-Sit-Omg                2328     109.308 ± 1.023
Ob-Sit-Op                 11544    109.304 ± 1.030
Oh-Alo-Oh                 1924     76.373 ± 0.194
Oh-Alo-Omg                1552     112.611 ± 30.910
Oh-Alo-Op                 13840    112.598 ± 30.900
Ohmg-Alo-Ohmg             194      76.380 ± 0.200
Ohmg-Alo-Op               1552     112.665 ± 30.915
Ohmg-Mgo-Ohmg             194      76.383 ± 0.186
Ohmg-Mgo-Omg              1552     112.597 ± 30.915
Omg-Alo-Omg               388      77.743 ± 0.244
Omg-Alo-Op                1552     112.351 ± 30.658
Omg-Mgo-Omg               1164     100.876 ± 29.912
Op-Alo-Op                 10768    100.041 ± 29.670
Sit-Ob-Sit                6936     135.754 ± 6.056
--------------------------------------------------------------------------------

