System Dimensions and Properties
--------------------------------------------------------------------------------
Box_dim (Å):
  Full matrix: [41.2800, 62.7608, 44.0000, 0.0000, 0.0000, 0.3943, 0.0000, -1.6969, -0.1818]
Cell parameters:
  a, b, c (Å): 41.2800, 62.7620, 44.0331
  α, β, γ (°): 90.2504, 92.2086, 89.6400
  Volume: 113993.6963 Å³

Box_dim and Cell explanations:
  Box_dim: A 1D array of box dimensions, typically in Angstroms.
          For orthogonal boxes: [Lx, Ly, Lz]
          For triclinic boxes: [Lx, Ly, Lz, xy, xz, yz] or [Lx, Ly, Lz, α, β, γ]
  Cell: A 1×6 array with cell parameters [a, b, c, α, β, γ]
        where a, b, c are lengths and α, β, γ are angles in degrees.
--------------------------------------------------------------------------------

Total charge: 0.0000000

Unique Atom Types and Their Coordination Environment
--------------------------------------------------------------------------------
Type       Count  Neighbors                     Charge
--------------------------------------------------------------------------------
Alo        148    OhOhOmgOmgOpOp               0.00000
Alo        152    OhOhOpOpOpOp                 0.00000
Alo        74     OhmgOhmgOpOpOpOp             0.00000
H          300    Oh                           0.00000
H          148    Ohmg                         0.00000
Hw         3360   Ow                           0.00000
Mgo        74     OhmgOhmgOmgOmgOmgOmg         0.00000
Na         74                                  0.00000
Ob         1344   SitSit                       0.00000
Oh         300    AloAloH                      0.00000
Ohmg       148    AloHMgo                      0.00000
Omg        296    AloMgoSit                    0.00000
Op         600    AloAloSit                    0.00000
Ow         1680   HwHw                         0.00000
Sit        296    ObObObOmg                    0.00000
Sit        600    ObObObOp                     0.00000
--------------------------------------------------------------------------------

Detailed Atom Type Statistics with Standard Deviations
--------------------------------------------------------------------------------
Type       Count  Coord#           Bond Dist (Å)        Angle (°)           
--------------------------------------------------------------------------------
Alo        374    6.00 ± 0.00      1.9107 ± 0.0188      105.491 ± 30.962    
H          448    1.00 ± 0.00      0.9680 ± 0.0087      128.173 ± 1.657 (H-O-M)
Hw         3360   1.00 ± 0.00      1.0000 ± 0.0040      N/A                 
Mgo        74     6.00 ± 0.00      1.9104 ± 0.0204      105.501 ± 30.998    
Na         74     0.00 ± 0.00      N/A                  N/A                 
Ob         1344   2.00 ± 0.00      1.6133 ± 0.0186      135.755 ± 6.058     
Oh         300    3.00 ± 0.00      1.5805 ± 0.4332      119.996 ± 11.652    
Ohmg       148    3.00 ± 0.00      1.5803 ± 0.4340      119.997 ± 11.647    
Omg        296    3.00 ± 0.00      1.8278 ± 0.1350      117.797 ± 11.220    
Op         600    3.00 ± 0.00      1.8276 ± 0.1345      117.829 ± 11.201    
Ow         1680   2.00 ± 0.00      1.0000 ± 0.0040      109.469 ± 0.345     
Sit        896    4.00 ± 0.00      1.6194 ± 0.0194      109.462 ± 1.229     
--------------------------------------------------------------------------------

Bond Statistics for Unique Atom Type Pairs
--------------------------------------------------------------------------------
Bond Pair                 Count    Distance (Å)        
--------------------------------------------------------------------------------
Alo-Oh                    1200     1.8866 ± 0.0047
Alo-Ohmg                  296      1.8884 ± 0.0044
Alo-Omg                   592      1.9229 ± 0.0118
Alo-Op                    2400     1.9225 ± 0.0094
H-Oh                      600      0.9683 ± 0.0089
H-Ohmg                    296      0.9672 ± 0.0083
Hw-Ow                     6720     1.0000 ± 0.0040
Mgo-Ohmg                  296      1.8852 ± 0.0046
Mgo-Omg                   592      1.9230 ± 0.0116
Ob-Sit                    5376     1.6133 ± 0.0186
Omg-Sit                   592      1.6375 ± 0.0044
Op-Sit                    1200     1.6377 ± 0.0042
--------------------------------------------------------------------------------

Angle Statistics for Unique Atom Type Triplets
--------------------------------------------------------------------------------
Angle Triplet             Count    Angle (°)           
--------------------------------------------------------------------------------
Alo-Oh-Alo                300      103.646 ± 0.098
Alo-Oh-H                  600      128.171 ± 1.710
Alo-Ohmg-H                148      127.597 ± 1.451
Alo-Ohmg-Mgo              148      103.641 ± 0.100
Alo-Omg-Mgo               296      102.184 ± 0.782
Alo-Omg-Sit               296      125.605 ± 2.344
Alo-Op-Alo                600      102.226 ± 0.595
Alo-Op-Sit                1200     125.631 ± 2.305
H-Ohmg-Mgo                148      128.753 ± 1.423
Hw-Ow-Hw                  1680     109.469 ± 0.345
Mgo-Omg-Sit               296      125.602 ± 2.349
Ob-Sit-Ob                 2688     109.621 ± 1.380
Ob-Sit-Omg                888      109.310 ± 0.990
Ob-Sit-Op                 1800     109.303 ± 1.053
Oh-Alo-Oh                 300      76.353 ± 0.182
Oh-Alo-Omg                592      112.615 ± 30.943
Oh-Alo-Op                 1808     112.555 ± 30.893
Ohmg-Alo-Ohmg             74       76.282 ± 0.163
Ohmg-Alo-Op               592      112.663 ± 30.896
Ohmg-Mgo-Ohmg             74       76.436 ± 0.174
Ohmg-Mgo-Omg              592      112.615 ± 30.963
Omg-Alo-Omg               148      77.790 ± 0.232
Omg-Alo-Op                592      112.398 ± 30.684
Omg-Mgo-Omg               444      100.859 ± 29.934
Op-Alo-Op                 1504     98.628 ± 29.236
Sit-Ob-Sit                1344     135.755 ± 6.058
--------------------------------------------------------------------------------

