System Dimensions and Properties
--------------------------------------------------------------------------------
Box_dim (Å):
  Full matrix: [25.8000, 44.8291, 44.0000, 0.0000, 0.0000, 0.2817, 0.0000, -1.6969, -0.1818]
Cell parameters:
  a, b, c (Å): 25.8000, 44.8300, 44.0331
  α, β, γ (°): 90.2505, 92.2086, 89.6400
  Volume: 50890.0170 Å³
System properties:
  Total mass: 50233.1932 amu
  Density: 1.6391 g/cm³

Box_dim and Cell explanations:
  Box_dim: A 1D array of Box dimensions, typically in Angstroms.
          For orthogonal boxes: [Lx, Ly, Lz]
          For triclinic boxes: [Lx, Ly, Lz, xy, xz, yz] or [Lx, Ly, Lz, α, β, γ]
  Cell: A 1×6 array with Cell parameters [a, b, c, α, β, γ]
        where a, b, c are lengths and α, β, γ are angles in degrees.
--------------------------------------------------------------------------------

Total charge (MINFF): -0.0000000

Unique Atom Types and Their Coordination Environment
--------------------------------------------------------------------------------
Type       Count  Neighbors                     Charge
--------------------------------------------------------------------------------
Alo        68     OhOhOmgOmgOpOp              1.782000
Alo        64     OhOhOpOpOpOp                1.782000
Alo        34     OhmgOhmgOpOpOpOp            1.782000
H          132    Oh                          0.400000
H          68     Ohmg                        0.400000
Hw         1500   Ow                          0.447585
Mgo        34     OhmgOhmgOmgOmgOmgOmg        1.562000
Na         34                                 1.000000
Ob         600    SitSit                     -0.942000
Oh         132    AloAloH                    -0.994000
Ohmg       68     AloHMgo                    -1.124000
Omg        136    AloMgoSit                  -1.195000
Op         264    AloAloSit                  -1.065000
Ow         750    HwHw                       -0.895170
Sit        136    ObObObOmg                   1.884000
Sit        264    ObObObOp                    1.884000
--------------------------------------------------------------------------------

Detailed Atom Type Statistics with Standard Deviations
--------------------------------------------------------------------------------
Type       Count  Coord#           Bond Dist (Å)        Angle (°)           
--------------------------------------------------------------------------------
Alo        166    6.00 ± 0.00      1.9107 ± 0.0192      105.493 ± 30.962    
H          200    1.00 ± 0.00      0.9679 ± 0.0086      128.188 ± 1.661 (H-O-M)
Hw         1500   1.00 ± 0.00      1.0000 ± 0.0041      109.490 ± 0.357 (H-O-M)
Mgo        34     6.00 ± 0.00      1.9104 ± 0.0202      105.497 ± 30.975    
Na         34     0.00 ± 0.00      N/A                  N/A                 
Ob         600    2.00 ± 0.00      1.6133 ± 0.0187      135.753 ± 6.056     
Oh         132    3.00 ± 0.00      1.5800 ± 0.4329      119.997 ± 11.661    
Ohmg       68     3.00 ± 0.00      1.5800 ± 0.4327      119.996 ± 11.667    
Omg        136    3.00 ± 0.00      1.8279 ± 0.1349      117.805 ± 11.200    
Op         264    3.00 ± 0.00      1.8278 ± 0.1347      117.823 ± 11.186    
Ow         750    2.00 ± 0.00      1.0000 ± 0.0041      109.490 ± 0.357     
Sit        400    4.00 ± 0.00      1.6194 ± 0.0194      109.463 ± 1.224     
--------------------------------------------------------------------------------

Bond Statistics for Unique Atom Type Pairs
--------------------------------------------------------------------------------
Bond Pair                 Count    Distance (Å)        
--------------------------------------------------------------------------------
Alo-Oh                    528      1.8861 ± 0.0042
Alo-Ohmg                  136      1.8869 ± 0.0041
Alo-Omg                   272      1.9229 ± 0.0110
Alo-Op                    1056     1.9229 ± 0.0094
H-Oh                      264      0.9678 ± 0.0085
H-Ohmg                    136      0.9682 ± 0.0088
Hw-Ow                     3000     1.0000 ± 0.0041
Mgo-Ohmg                  136      1.8849 ± 0.0042
Mgo-Omg                   272      1.9232 ± 0.0108
Ob-Sit                    2400     1.6133 ± 0.0187
Omg-Sit                   272      1.6375 ± 0.0044
Op-Sit                    528      1.6377 ± 0.0042
--------------------------------------------------------------------------------

Angle Statistics for Unique Atom Type Triplets
--------------------------------------------------------------------------------
Angle Triplet             Count    Angle (°)           
--------------------------------------------------------------------------------
Alo-Oh-Alo                132      103.614 ± 0.064
Alo-Oh-H                  264      128.188 ± 1.638
Alo-Ohmg-H                68       127.819 ± 1.672
Alo-Ohmg-Mgo              68       103.615 ± 0.064
Alo-Omg-Mgo               136      102.204 ± 0.730
Alo-Omg-Sit               136      125.612 ± 2.308
Alo-Op-Alo                264      102.238 ± 0.607
Alo-Op-Sit                528      125.616 ± 2.310
H-Ohmg-Mgo                68       128.556 ± 1.657
Hw-Ow-Hw                  750      109.490 ± 0.357
Mgo-Omg-Sit               136      125.599 ± 2.325
Ob-Sit-Ob                 1200     109.620 ± 1.380
Ob-Sit-Omg                408      109.306 ± 1.000
Ob-Sit-Op                 792      109.306 ± 1.033
Oh-Alo-Oh                 132      76.386 ± 0.163
Oh-Alo-Omg                272      112.682 ± 30.922
Oh-Alo-Op                 784      112.598 ± 30.898
Ohmg-Alo-Ohmg             34       76.337 ± 0.156
Ohmg-Alo-Op               272      112.614 ± 30.879
Ohmg-Mgo-Ohmg             34       76.433 ± 0.155
Ohmg-Mgo-Omg              272      112.569 ± 30.920
Omg-Alo-Omg               68       77.777 ± 0.198
Omg-Alo-Op                272      112.372 ± 30.650
Omg-Mgo-Omg               204      100.912 ± 29.924
Op-Alo-Op                 656      98.456 ± 29.159
Sit-Ob-Sit                600      135.753 ± 6.056
--------------------------------------------------------------------------------
