System Dimensions and Properties
--------------------------------------------------------------------------------
Box_dim (Å):
  Full matrix: [123.8400, 215.1798, 44.0000, 0.0000, 0.0000, 1.3520, 0.0000, -1.6969, -0.1818]
Cell parameters:
  a, b, c (Å): 123.8400, 215.1840, 44.0331
  α, β, γ (°): 90.2505, 92.2086, 89.6400
  Volume: 1172505.8506 Å³
System properties:
  Total mass: 1157060.7667 amu
  Density: 1.6387 g/cm³

Box_dim and Cell explanations:
  Box_dim: A 1D array of Box dimensions, typically in Angstroms.
          For orthogonal boxes: [Lx, Ly, Lz]
          For triclinic boxes: [Lx, Ly, Lz, xy, xz, yz] or [Lx, Ly, Lz, α, β, γ]
  Cell: A 1×6 array with Cell parameters [a, b, c, α, β, γ]
        where a, b, c are lengths and α, β, γ are angles in degrees.
--------------------------------------------------------------------------------

Total charge (MINFF): 0.0000000

Unique Atom Types and Their Coordination Environment
--------------------------------------------------------------------------------
Type       Count  Neighbors                     Charge
--------------------------------------------------------------------------------
Alo        1536   OhOhOmgOmgOpOp              1.782000
Alo        1536   OhOhOpOpOpOp                1.782000
Alo        768    OhmgOhmgOpOpOpOp            1.782000
H          3072   Oh                          0.400000
H          1536   Ohmg                        0.400000
Hw         34560  Ow                          0.447585
Mgo        768    OhmgOhmgOmgOmgOmgOmg        1.562000
Na         768                                1.000000
Ob         13824  SitSit                     -0.942000
Oh         3072   AloAloH                    -0.994000
Ohmg       1536   AloHMgo                    -1.124000
Omg        3072   AloMgoSit                  -1.195000
Op         6144   AloAloSit                  -1.065000
Ow         17280  HwHw                       -0.895170
Sit        3072   ObObObOmg                   1.884000
Sit        6144   ObObObOp                    1.884000
--------------------------------------------------------------------------------

Detailed Atom Type Statistics with Standard Deviations
--------------------------------------------------------------------------------
Type       Count  Coord#           Bond Dist (Å)        Angle (°)           
--------------------------------------------------------------------------------
Alo        3840   6.00 ± 0.00      1.9107 ± 0.0193      105.494 ± 30.964    
H          4608   1.00 ± 0.00      0.9679 ± 0.0086      128.188 ± 1.661 (H-O-M)
Hw         34560  1.00 ± 0.00      0.9999 ± 0.0040      109.471 ± 0.347 (H-O-M)
Mgo        768    6.00 ± 0.00      1.9106 ± 0.0195      105.493 ± 30.964    
Na         768    0.00 ± 0.00      N/A                  N/A                 
Ob         13824  2.00 ± 0.00      1.6133 ± 0.0187      135.753 ± 6.056     
Oh         3072   3.00 ± 0.00      1.5800 ± 0.4329      119.997 ± 11.661    
Ohmg       1536   3.00 ± 0.00      1.5800 ± 0.4326      119.996 ± 11.667    
Omg        3072   3.00 ± 0.00      1.8278 ± 0.1348      117.817 ± 11.192    
Op         6144   3.00 ± 0.00      1.8279 ± 0.1348      117.817 ± 11.190    
Ow         17280  2.00 ± 0.00      0.9999 ± 0.0040      109.471 ± 0.347     
Sit        9216   4.00 ± 0.00      1.6194 ± 0.0194      109.463 ± 1.224     
--------------------------------------------------------------------------------

Bond Statistics for Unique Atom Type Pairs
--------------------------------------------------------------------------------
Bond Pair                 Count    Distance (Å)        
--------------------------------------------------------------------------------
Alo-Oh                    12288    1.8861 ± 0.0042
Alo-Ohmg                  3072     1.8860 ± 0.0043
Alo-Omg                   6144     1.9229 ± 0.0100
Alo-Op                    24576    1.9230 ± 0.0099
H-Oh                      6144     0.9678 ± 0.0085
H-Ohmg                    3072     0.9682 ± 0.0088
Hw-Ow                     69120    0.9999 ± 0.0040
Mgo-Ohmg                  3072     1.8859 ± 0.0042
Mgo-Omg                   6144     1.9230 ± 0.0100
Ob-Sit                    55296    1.6133 ± 0.0187
Omg-Sit                   6144     1.6376 ± 0.0043
Op-Sit                    12288    1.6376 ± 0.0043
--------------------------------------------------------------------------------

Angle Statistics for Unique Atom Type Triplets
--------------------------------------------------------------------------------
Angle Triplet             Count    Angle (°)           
--------------------------------------------------------------------------------
Alo-Oh-Alo                3072     103.614 ± 0.064
Alo-Oh-H                  6144     128.188 ± 1.638
Alo-Ohmg-H                1536     128.179 ± 1.705
Alo-Ohmg-Mgo              1536     103.615 ± 0.064
Alo-Omg-Mgo               3072     102.224 ± 0.655
Alo-Omg-Sit               3072     125.618 ± 2.309
Alo-Op-Alo                6144     102.228 ± 0.650
Alo-Op-Sit                12288    125.612 ± 2.313
H-Ohmg-Mgo                1536     128.195 ± 1.705
Hw-Ow-Hw                  17280    109.471 ± 0.347
Mgo-Omg-Sit               3072     125.608 ± 2.314
Ob-Sit-Ob                 27648    109.620 ± 1.380
Ob-Sit-Omg                9216     109.305 ± 1.025
Ob-Sit-Op                 18432    109.307 ± 1.021
Oh-Alo-Oh                 3072     76.386 ± 0.163
Oh-Alo-Omg                6144     112.632 ± 30.906
Oh-Alo-Op                 18432    112.615 ± 30.904
Ohmg-Alo-Ohmg             768      76.383 ± 0.163
Ohmg-Alo-Op               6144     112.588 ± 30.898
Ohmg-Mgo-Ohmg             768      76.387 ± 0.163
Ohmg-Mgo-Omg              6144     112.594 ± 30.901
Omg-Alo-Omg               1536     77.760 ± 0.210
Omg-Alo-Op                6144     112.413 ± 30.657
Omg-Mgo-Omg               4608     100.876 ± 29.900
Op-Alo-Op                 15360    98.537 ± 29.185
Sit-Ob-Sit                13824    135.753 ± 6.056
--------------------------------------------------------------------------------
