System Dimensions and Properties
--------------------------------------------------------------------------------
Box_dim (Å):
  Full matrix: [15.4800, 35.8633, 44.0000, 0.0000, 0.0000, 0.2253, 0.0000, -1.6969, -0.1818]
Cell parameters:
  a, b, c (Å): 15.4800, 35.8640, 44.0331
  α, β, γ (°): 90.2505, 92.2086, 89.6400
  Volume: 24427.2041 Å³
System properties:
  Total mass: 24105.4326 amu
  Density: 1.6387 g/cm³

Box_dim and Cell explanations:
  Box_dim: A 1D array of Box dimensions, typically in Angstroms.
          For orthogonal boxes: [Lx, Ly, Lz]
          For triclinic boxes: [Lx, Ly, Lz, xy, xz, yz] or [Lx, Ly, Lz, α, β, γ]
  Cell: A 1×6 array with Cell parameters [a, b, c, α, β, γ]
        where a, b, c are lengths and α, β, γ are angles in degrees.
--------------------------------------------------------------------------------

Total charge (MINFF): 0.0000000

Unique Atom Types and Their Coordination Environment
--------------------------------------------------------------------------------
Type       Count  Neighbors                     Charge
--------------------------------------------------------------------------------
Alo        32     OhOhOmgOmgOpOp              1.782000
Alo        32     OhOhOpOpOpOp                1.782000
Alo        16     OhmgOhmgOpOpOpOp            1.782000
H          64     Oh                          0.400000
H          32     Ohmg                        0.400000
Hw         720    Ow                          0.447585
Mgo        16     OhmgOhmgOmgOmgOmgOmg        1.562000
Na         16                                 1.000000
Ob         288    SitSit                     -0.942000
Oh         64     AloAloH                    -0.994000
Ohmg       32     AloHMgo                    -1.124000
Omg        64     AloMgoSit                  -1.195000
Op         128    AloAloSit                  -1.065000
Ow         360    HwHw                       -0.895170
Sit        64     ObObObOmg                   1.884000
Sit        128    ObObObOp                    1.884000
--------------------------------------------------------------------------------

Detailed Atom Type Statistics with Standard Deviations
--------------------------------------------------------------------------------
Type       Count  Coord#           Bond Dist (Å)        Angle (°)           
--------------------------------------------------------------------------------
Alo        80     6.00 ± 0.00      1.9106 ± 0.0195      105.495 ± 30.968    
H          96     1.00 ± 0.00      0.9679 ± 0.0086      128.188 ± 1.661 (H-O-M)
Hw         720    1.00 ± 0.00      1.0002 ± 0.0041      109.482 ± 0.342 (H-O-M)
Mgo        16     6.00 ± 0.00      1.9108 ± 0.0186      105.484 ± 30.943    
Na         16     0.00 ± 0.00      N/A                  N/A                 
Ob         288    2.00 ± 0.00      1.6133 ± 0.0187      135.753 ± 6.056     
Oh         64     3.00 ± 0.00      1.5799 ± 0.4335      119.997 ± 11.651    
Ohmg       32     3.00 ± 0.00      1.5802 ± 0.4316      119.996 ± 11.687    
Omg        64     3.00 ± 0.00      1.8277 ± 0.1345      117.835 ± 11.187    
Op         128    3.00 ± 0.00      1.8279 ± 0.1349      117.808 ± 11.193    
Ow         360    2.00 ± 0.00      1.0002 ± 0.0041      109.482 ± 0.342     
Sit        192    4.00 ± 0.00      1.6194 ± 0.0194      109.463 ± 1.224     
--------------------------------------------------------------------------------

Bond Statistics for Unique Atom Type Pairs
--------------------------------------------------------------------------------
Bond Pair                 Count    Distance (Å)        
--------------------------------------------------------------------------------
Alo-Oh                    256      1.8863 ± 0.0042
Alo-Ohmg                  64       1.8841 ± 0.0038
Alo-Omg                   128      1.9225 ± 0.0085
Alo-Op                    512      1.9231 ± 0.0105
H-Oh                      128      0.9669 ± 0.0081
H-Ohmg                    64       0.9699 ± 0.0094
Hw-Ow                     1440     1.0002 ± 0.0041
Mgo-Ohmg                  64       1.8867 ± 0.0042
Mgo-Omg                   128      1.9228 ± 0.0087
Ob-Sit                    1152     1.6133 ± 0.0187
Omg-Sit                   128      1.6378 ± 0.0042
Op-Sit                    256      1.6375 ± 0.0043
--------------------------------------------------------------------------------

Angle Statistics for Unique Atom Type Triplets
--------------------------------------------------------------------------------
Angle Triplet             Count    Angle (°)           
--------------------------------------------------------------------------------
Alo-Oh-Alo                64       103.613 ± 0.064
Alo-Oh-H                  128      128.189 ± 1.514
Alo-Ohmg-H                32       128.606 ± 1.868
Alo-Ohmg-Mgo              32       103.617 ± 0.064
Alo-Omg-Mgo               64       102.245 ± 0.537
Alo-Omg-Sit               64       125.641 ± 2.285
Alo-Op-Alo                128      102.217 ± 0.702
Alo-Op-Sit                256      125.603 ± 2.320
H-Ohmg-Mgo                32       127.763 ± 1.882
Hw-Ow-Hw                  360      109.482 ± 0.342
Mgo-Omg-Sit               64       125.621 ± 2.309
Ob-Sit-Ob                 576      109.620 ± 1.380
Ob-Sit-Omg                192      109.295 ± 1.077
Ob-Sit-Op                 384      109.312 ± 0.993
Oh-Alo-Oh                 64       76.387 ± 0.163
Oh-Alo-Omg                128      112.720 ± 30.902
Oh-Alo-Op                 384      112.652 ± 30.916
Ohmg-Alo-Ohmg             16       76.444 ± 0.152
Ohmg-Alo-Op               128      112.488 ± 30.910
Ohmg-Mgo-Ohmg             16       76.322 ± 0.150
Ohmg-Mgo-Omg              128      112.497 ± 30.855
Omg-Alo-Omg               32       77.752 ± 0.215
Omg-Alo-Op                128      112.407 ± 30.656
Omg-Mgo-Omg               96       100.994 ± 29.949
Op-Alo-Op                 320      98.504 ± 29.168
Sit-Ob-Sit                288      135.753 ± 6.056
--------------------------------------------------------------------------------
