System Dimensions and Properties
--------------------------------------------------------------------------------
Box_dim (Å):
  Full matrix: [87.7200, 152.4190, 44.0000, 0.0000, 0.0000, 0.9577, 0.0000, -1.6969, -0.1818]
Cell parameters:
  a, b, c (Å): 87.7200, 152.4220, 44.0331
  α, β, γ (°): 90.2505, 92.2086, 89.6400
  Volume: 588288.5273 Å³
System properties:
  Total mass: 576652.6537 amu
  Density: 1.6277 g/cm³

Box_dim and Cell explanations:
  Box_dim: A 1D array of Box dimensions, typically in Angstroms.
          For orthogonal boxes: [Lx, Ly, Lz]
          For triclinic boxes: [Lx, Ly, Lz, xy, xz, yz] or [Lx, Ly, Lz, α, β, γ]
  Cell: A 1×6 array with Cell parameters [a, b, c, α, β, γ]
        where a, b, c are lengths and α, β, γ are angles in degrees.
--------------------------------------------------------------------------------

Total charge (MINFF): 0.0000000

Unique Atom Types and Their Coordination Environment
--------------------------------------------------------------------------------
Type       Count  Neighbors                     Charge
--------------------------------------------------------------------------------
Alo        388    OhOhOmgOmgOpOp              1.782000
Alo        1536   OhOhOpOpOpOp                1.782000
Alo        194    OhmgOhmgOpOpOpOp            1.782000
H          1924   Oh                          0.400000
H          388    Ohmg                        0.400000
Hw         17340  Ow                          0.447585
Mgo        194    OhmgOhmgOmgOmgOmgOmg        1.562000
Na         194                                1.000000
Ob         6936   SitSit                     -0.942000
Oh         1924   AloAloH                    -0.994000
Ohmg       388    AloHMgo                    -1.124000
Omg        776    AloMgoSit                  -1.195000
Op         3848   AloAloSit                  -1.065000
Ow         8670   HwHw                       -0.895170
Sit        776    ObObObOmg                   1.884000
Sit        3848   ObObObOp                    1.884000
--------------------------------------------------------------------------------

Detailed Atom Type Statistics with Standard Deviations
--------------------------------------------------------------------------------
Type       Count  Coord#           Bond Dist (Å)        Angle (°)           
--------------------------------------------------------------------------------
Alo        2118   6.00 ± 0.00      1.9107 ± 0.0194      105.493 ± 30.964    
H          2312   1.00 ± 0.00      0.9679 ± 0.0086      128.188 ± 1.661 (H-O-M)
Hw         17340  1.00 ± 0.00      0.9999 ± 0.0040      109.473 ± 0.347 (H-O-M)
Mgo        194    6.00 ± 0.00      1.9106 ± 0.0193      105.494 ± 30.966    
Na         194    0.00 ± 0.00      N/A                  N/A                 
Ob         6936   2.00 ± 0.00      1.6133 ± 0.0187      135.753 ± 6.056     
Oh         1924   3.00 ± 0.00      1.5800 ± 0.4328      119.997 ± 11.664    
Ohmg       388    3.00 ± 0.00      1.5799 ± 0.4331      119.997 ± 11.659    
Omg        776    3.00 ± 0.00      1.8279 ± 0.1348      117.816 ± 11.190    
Op         3848   3.00 ± 0.00      1.8279 ± 0.1348      117.817 ± 11.191    
Ow         8670   2.00 ± 0.00      0.9999 ± 0.0040      109.473 ± 0.347     
Sit        4624   4.00 ± 0.00      1.6194 ± 0.0194      109.463 ± 1.224     
--------------------------------------------------------------------------------

Bond Statistics for Unique Atom Type Pairs
--------------------------------------------------------------------------------
Bond Pair                 Count    Distance (Å)        
--------------------------------------------------------------------------------
Alo-Oh                    7696     1.8860 ± 0.0042
Alo-Ohmg                  776      1.8862 ± 0.0041
Alo-Omg                   1552     1.9232 ± 0.0100
Alo-Op                    15392    1.9230 ± 0.0099
H-Oh                      3848     0.9680 ± 0.0087
H-Ohmg                    776      0.9675 ± 0.0084
Hw-Ow                     34680    0.9999 ± 0.0040
Mgo-Ohmg                  776      1.8861 ± 0.0043
Mgo-Omg                   1552     1.9228 ± 0.0100
Ob-Sit                    27744    1.6133 ± 0.0187
Omg-Sit                   1552     1.6376 ± 0.0043
Op-Sit                    7696     1.6376 ± 0.0043
--------------------------------------------------------------------------------

Angle Statistics for Unique Atom Type Triplets
--------------------------------------------------------------------------------
Angle Triplet             Count    Angle (°)           
--------------------------------------------------------------------------------
Alo-Oh-Alo                1924     103.614 ± 0.064
Alo-Oh-H                  3848     128.188 ± 1.672
Alo-Ohmg-H                388      128.099 ± 1.607
Alo-Ohmg-Mgo              388      103.614 ± 0.064
Alo-Omg-Mgo               776      102.227 ± 0.657
Alo-Omg-Sit               776      125.597 ± 2.314
Alo-Op-Alo                3848     102.226 ± 0.650
Alo-Op-Sit                7696     125.613 ± 2.312
H-Ohmg-Mgo                388      128.277 ± 1.601
Hw-Ow-Hw                  8670     109.473 ± 0.347
Mgo-Omg-Sit               776      125.624 ± 2.315
Ob-Sit-Ob                 13872    109.620 ± 1.380
Ob-Sit-Omg                2328     109.308 ± 1.016
Ob-Sit-Op                 11544    109.306 ± 1.023
Oh-Alo-Oh                 1924     76.386 ± 0.163
Oh-Alo-Omg                1552     112.616 ± 30.902
Oh-Alo-Op                 13840    112.604 ± 30.902
Ohmg-Alo-Ohmg             194      76.383 ± 0.163
Ohmg-Alo-Op               1552     112.665 ± 30.907
Ohmg-Mgo-Ohmg             194      76.390 ± 0.162
Ohmg-Mgo-Omg              1552     112.600 ± 30.906
Omg-Alo-Omg               388      77.744 ± 0.221
Omg-Alo-Op                1552     112.345 ± 30.646
Omg-Mgo-Omg               1164     100.871 ± 29.896
Op-Alo-Op                 10768    100.031 ± 29.664
Sit-Ob-Sit                6936     135.753 ± 6.056
--------------------------------------------------------------------------------
