System Dimensions and Properties
--------------------------------------------------------------------------------
Box_dim (Å):
  Full matrix: [41.2800, 62.7608, 44.0000, 0.0000, 0.0000, 0.3943, 0.0000, -1.6969, -0.1818]
Cell parameters:
  a, b, c (Å): 41.2800, 62.7620, 44.0331
  α, β, γ (°): 90.2505, 92.2086, 89.6400
  Volume: 113993.6236 Å³
System properties:
  Total mass: 112478.4771 amu
  Density: 1.6385 g/cm³

Box_dim and Cell explanations:
  Box_dim: A 1D array of Box dimensions, typically in Angstroms.
          For orthogonal boxes: [Lx, Ly, Lz]
          For triclinic boxes: [Lx, Ly, Lz, xy, xz, yz] or [Lx, Ly, Lz, α, β, γ]
  Cell: A 1×6 array with Cell parameters [a, b, c, α, β, γ]
        where a, b, c are lengths and α, β, γ are angles in degrees.
--------------------------------------------------------------------------------

Total charge (MINFF): 0.0000000

Unique Atom Types and Their Coordination Environment
--------------------------------------------------------------------------------
Type       Count  Neighbors                     Charge
--------------------------------------------------------------------------------
Alo        148    OhOhOmgOmgOpOp              1.782000
Alo        152    OhOhOpOpOpOp                1.782000
Alo        74     OhmgOhmgOpOpOpOp            1.782000
H          300    Oh                          0.400000
H          148    Ohmg                        0.400000
Hw         3360   Ow                          0.447585
Mgo        74     OhmgOhmgOmgOmgOmgOmg        1.562000
Na         74                                 1.000000
Ob         1344   SitSit                     -0.942000
Oh         300    AloAloH                    -0.994000
Ohmg       148    AloHMgo                    -1.124000
Omg        296    AloMgoSit                  -1.195000
Op         600    AloAloSit                  -1.065000
Ow         1680   HwHw                       -0.895170
Sit        296    ObObObOmg                   1.884000
Sit        600    ObObObOp                    1.884000
--------------------------------------------------------------------------------

Detailed Atom Type Statistics with Standard Deviations
--------------------------------------------------------------------------------
Type       Count  Coord#           Bond Dist (Å)        Angle (°)           
--------------------------------------------------------------------------------
Alo        374    6.00 ± 0.00      1.9107 ± 0.0191      105.492 ± 30.960    
H          448    1.00 ± 0.00      0.9679 ± 0.0086      128.188 ± 1.661 (H-O-M)
Hw         3360   1.00 ± 0.00      1.0000 ± 0.0040      109.469 ± 0.345 (H-O-M)
Mgo        74     6.00 ± 0.00      1.9104 ± 0.0206      105.502 ± 30.986    
Na         74     0.00 ± 0.00      N/A                  N/A                 
Ob         1344   2.00 ± 0.00      1.6133 ± 0.0187      135.753 ± 6.056     
Oh         300    3.00 ± 0.00      1.5800 ± 0.4326      119.996 ± 11.668    
Ohmg       148    3.00 ± 0.00      1.5799 ± 0.4333      119.997 ± 11.655    
Omg        296    3.00 ± 0.00      1.8280 ± 0.1351      117.795 ± 11.203    
Op         600    3.00 ± 0.00      1.8278 ± 0.1346      117.828 ± 11.185    
Ow         1680   2.00 ± 0.00      1.0000 ± 0.0040      109.469 ± 0.345     
Sit        896    4.00 ± 0.00      1.6194 ± 0.0194      109.463 ± 1.224     
--------------------------------------------------------------------------------

Bond Statistics for Unique Atom Type Pairs
--------------------------------------------------------------------------------
Bond Pair                 Count    Distance (Å)        
--------------------------------------------------------------------------------
Alo-Oh                    1200     1.8859 ± 0.0042
Alo-Ohmg                  296      1.8879 ± 0.0037
Alo-Omg                   592      1.9232 ± 0.0115
Alo-Op                    2400     1.9229 ± 0.0091
H-Oh                      600      0.9683 ± 0.0088
H-Ohmg                    296      0.9672 ± 0.0082
Hw-Ow                     6720     1.0000 ± 0.0040
Mgo-Ohmg                  296      1.8846 ± 0.0040
Mgo-Omg                   592      1.9232 ± 0.0113
Ob-Sit                    5376     1.6133 ± 0.0187
Omg-Sit                   592      1.6375 ± 0.0044
Op-Sit                    1200     1.6377 ± 0.0042
--------------------------------------------------------------------------------

Angle Statistics for Unique Atom Type Triplets
--------------------------------------------------------------------------------
Angle Triplet             Count    Angle (°)           
--------------------------------------------------------------------------------
Alo-Oh-Alo                300      103.615 ± 0.064
Alo-Oh-H                  600      128.187 ± 1.710
Alo-Ohmg-H                148      127.607 ± 1.458
Alo-Ohmg-Mgo              148      103.613 ± 0.064
Alo-Omg-Mgo               296      102.194 ± 0.776
Alo-Omg-Sit               296      125.598 ± 2.322
Alo-Op-Alo                600      102.242 ± 0.580
Alo-Op-Sit                1200     125.620 ± 2.306
H-Ohmg-Mgo                148      128.771 ± 1.430
Hw-Ow-Hw                  1680     109.469 ± 0.345
Mgo-Omg-Sit               296      125.594 ± 2.326
Ob-Sit-Ob                 2688     109.620 ± 1.380
Ob-Sit-Omg                888      109.312 ± 0.970
Ob-Sit-Op                 1800     109.303 ± 1.047
Oh-Alo-Oh                 300      76.385 ± 0.163
Oh-Alo-Omg                592      112.623 ± 30.922
Oh-Alo-Op                 1808     112.578 ± 30.891
Ohmg-Alo-Ohmg             74       76.308 ± 0.143
Ohmg-Alo-Op               592      112.675 ± 30.875
Ohmg-Mgo-Ohmg             74       76.466 ± 0.141
Ohmg-Mgo-Omg              592      112.629 ± 30.945
Omg-Alo-Omg               148      77.778 ± 0.197
Omg-Alo-Op                592      112.375 ± 30.651
Omg-Mgo-Omg               444      100.839 ± 29.892
Op-Alo-Op                 1504     98.598 ± 29.212
Sit-Ob-Sit                1344     135.753 ± 6.056
--------------------------------------------------------------------------------
