System Dimensions and Properties
----------------------------------------------------------------------
Box_dim (Å):
  Full matrix: [5.1540, 8.9419, 7.1334, 0.0000, 0.0000, 0.0312, 0.0000, -1.9192, -0.2422]
Cell parameters:
  a, b, c (Å): 5.1540, 8.9420, 7.3910
  α, β, γ (°): 91.9298, 105.0502, 89.8001
  Volume: 328.7538 Å³
System properties:
  Total mass: 516.3199 amu
  Density: 2.6079 g/cm³

Box_dim and Cell explanations:
  Box_dim: A 1D array of box dimensions, typically in Angstroms.
          For orthogonal boxes: [Lx, Ly, Lz]
          For triclinic boxes: [Lx, Ly, Lz, xy, xz, yz] or [Lx, Ly, Lz, α, β, γ]
  Cell: A 1×6 array with cell parameters [a, b, c, α, β, γ]
        where a, b, c are lengths and α, β, γ are angles in degrees.
----------------------------------------------------------------------

Total charge (MINFF): 0.0000000

Unique Atom Types and Their Coordination Environment
----------------------------------------------------------------------
Type       Count  Neighbors                 Charge         
----------------------------------------------------------------------
Alo        4      OhOhOhOhOpOp              1.782
H          8      Oh                        0.400
Ob         6      SitSit                    -0.942
Oh         8      AloAloH                   -0.994
Op         4      AloAloSit                 -1.065
Sit        4      ObObObOp                  1.884
----------------------------------------------------------------------

Detailed Atom Type Statistics with Standard Deviations
----------------------------------------------------------------------------------------------------
Type       Count  Coord#          Bond Dist (Å)        Angle (°)           
----------------------------------------------------------------------------------------------------
Alo        4      6.00 ± 0.00     1.9073 ± 0.0203      105.687 ± 31.443    
H          8      1.00 ± 0.00     0.9621 ± 0.0033      122.945 ± 8.336 (H-involved)
Ob         6      2.00 ± 0.00     1.6157 ± 0.0060      134.839 ± 6.277     
Oh         8      3.00 ± 0.00     1.5851 ± 0.4407      116.523 ± 11.356    
Op         4      3.00 ± 0.00     1.8230 ± 0.1497      116.542 ± 11.545    
Sit        4      4.00 ± 0.00     1.6146 ± 0.0057      109.414 ± 2.526     
----------------------------------------------------------------------------------------------------

Bond Statistics for Unique Atom Type Pairs
--------------------------------------------------------------------------------
Bond Pair                           Count     Avg Distance (Å)    Std Dev
--------------------------------------------------------------------------------
Alo-Oh                                 32               1.8966     0.0156
Alo-Op                                 16               1.9288     0.0073
H-Oh                                   16               0.9621     0.0033
Ob-Sit                                 24               1.6157     0.0060
Op-Sit                                  8               1.6114     0.0032
--------------------------------------------------------------------------------

Angle Statistics for Unique Atom Type Triplets
--------------------------------------------------------------------------------
Angle Triplet                            Count   Avg Angle (°)    Std Dev
--------------------------------------------------------------------------------
Alo-Oh-Alo                                        8         103.678      0.644
Alo-Oh-H                                         16         122.945      8.336
Alo-Op-Alo                                        4         100.691      0.203
Alo-Op-Sit                                        8         124.467      3.389
Ob-Sit-Ob                                        12         107.475      1.595
Ob-Sit-Op                                        12         111.353      1.644
Oh-Alo-Oh                                        24         103.560     28.971
Oh-Alo-Op                                        32         108.792     34.540
Op-Alo-Op                                         4          93.602      0.165
Sit-Ob-Sit                                        6         134.839      6.277
--------------------------------------------------------------------------------
