System Dimensions and Properties
--------------------------------------------------------------------------------
Box_dim (Å):
  Full matrix: [5.1535, 8.9418, 7.1331, 0.0000, 0.0000, 0.0317, 0.0000, -1.9186, -0.2416]
Cell parameters:
  a, b, c (Å): 5.1535, 8.9419, 7.3906
  α, β, γ (°): 91.9260, 105.0460, 89.7970
  Volume: 328.7080 Å³
System properties:
  Total mass: 516.3199 amu
  Density: 2.6083 g/cm³

Box_dim and Cell explanations:
  Box_dim: A 1D array of Box dimensions, typically in Angstroms.
          For orthogonal boxes: [Lx, Ly, Lz]
          For triclinic boxes: [Lx, Ly, Lz, xy, xz, yz] or [Lx, Ly, Lz, α, β, γ]
  Cell: A 1×6 array with Cell parameters [a, b, c, α, β, γ]
        where a, b, c are lengths and α, β, γ are angles in degrees.
--------------------------------------------------------------------------------

Total charge (MINFF): 0.0000000

Unique Atom Types and Their Coordination Environment
--------------------------------------------------------------------------------
Type       Count  Neighbors                     Charge
--------------------------------------------------------------------------------
Alo        4      OhOhOhOhOpOp                1.782000
H          8      Oh                          0.400000
Ob         6      SitSit                     -0.942000
Oh         8      AloAloH                    -0.994000
Op         4      AloAloSit                  -1.065000
Sit        4      ObObObOp                    1.884000
--------------------------------------------------------------------------------

Detailed Atom Type Statistics with Standard Deviations
--------------------------------------------------------------------------------
Type       Count  Coord#           Bond Dist (Å)        Angle (°)           
--------------------------------------------------------------------------------
Alo        4      6.00 ± 0.00      1.9079 ± 0.0190      105.695 ± 31.456    
H          8      1.00 ± 0.00      0.9779 ± 0.0034      122.950 ± 8.367 (H-O-M)
Ob         6      2.00 ± 0.00      1.6146 ± 0.0041      135.034 ± 6.439     
Oh         8      3.00 ± 0.00      1.5914 ± 0.4340      116.492 ± 11.410    
Op         4      3.00 ± 0.00      1.8235 ± 0.1469      116.548 ± 11.515    
Sit        4      4.00 ± 0.00      1.6149 ± 0.0038      109.418 ± 2.454     
--------------------------------------------------------------------------------

Bond Statistics for Unique Atom Type Pairs
--------------------------------------------------------------------------------
Bond Pair                 Count    Distance (Å)        
--------------------------------------------------------------------------------
Alo-Oh                    32       1.8981 ± 0.0156
Alo-Op                    16       1.9274 ± 0.0044
H-Oh                      16       0.9779 ± 0.0034
Ob-Sit                    24       1.6146 ± 0.0041
Op-Sit                    8        1.6157 ± 0.0027
--------------------------------------------------------------------------------

Angle Statistics for Unique Atom Type Triplets
--------------------------------------------------------------------------------
Angle Triplet             Count    Angle (°)           
--------------------------------------------------------------------------------
Alo-Oh-Alo                8        103.575 ± 0.554
Alo-Oh-H                  16       122.950 ± 8.367
Alo-Op-Alo                4        100.742 ± 0.256
Alo-Op-Sit                8        124.451 ± 3.391
Ob-Sit-Ob                 12       107.570 ± 1.527
Ob-Sit-Op                 12       111.265 ± 1.698
Oh-Alo-Oh                 24       103.553 ± 28.957
Oh-Alo-Op                 32       108.806 ± 34.572
Op-Alo-Op                 4        93.663 ± 0.245
Sit-Ob-Sit                6        135.034 ± 6.439
--------------------------------------------------------------------------------
