System Dimensions and Properties
--------------------------------------------------------------------------------
Box_dim (Å):
  Full matrix: [30.9210, 35.7674, 7.1331, 0.0000, 0.0000, 0.1267, 0.0000, -1.9186, -0.2416]
Cell parameters:
  a, b, c (Å): 30.9210, 35.7676, 7.3906
  α, β, γ (°): 91.9260, 105.0460, 89.7970
  Volume: 7888.9900 Å³
System properties:
  Total mass: 12391.6781 amu
  Density: 2.6083 g/cm³

Box_dim and Cell explanations:
  Box_dim: A 1D array of Box dimensions, typically in Angstroms.
          For orthogonal boxes: [Lx, Ly, Lz]
          For triclinic boxes: [Lx, Ly, Lz, xy, xz, yz] or [Lx, Ly, Lz, α, β, γ]
  Cell: A 1×6 array with Cell parameters [a, b, c, α, β, γ]
        where a, b, c are lengths and α, β, γ are angles in degrees.
--------------------------------------------------------------------------------

Total charge (CLAYFF): 0.0000000

Unique Atom Types and Their Coordination Environment
--------------------------------------------------------------------------------
Type       Count  Neighbors                     Charge
--------------------------------------------------------------------------------
Alo        96     OhOhOhOhOpOp                1.575000
H          192    Oh                          0.425000
Ob         144    SitSit                     -1.050000
Oh         192    AloAloH                    -0.950000
Op         96     AloAloSit                  -1.050000
Sit        96     ObObObOp                    2.100000
--------------------------------------------------------------------------------

Detailed Atom Type Statistics with Standard Deviations
--------------------------------------------------------------------------------
Type       Count  Coord#           Bond Dist (Å)        Angle (°)           
--------------------------------------------------------------------------------
Alo        96     6.00 ± 0.00      1.9079 ± 0.0189      105.695 ± 31.456    
H          192    1.00 ± 0.00      0.9779 ± 0.0034      122.951 ± 8.367 (H-O-M)
Ob         144    2.00 ± 0.00      1.6146 ± 0.0041      135.032 ± 6.440     
Oh         192    3.00 ± 0.00      1.5914 ± 0.4340      116.492 ± 11.410    
Op         96     3.00 ± 0.00      1.8235 ± 0.1470      116.548 ± 11.515    
Sit        96     4.00 ± 0.00      1.6149 ± 0.0038      109.418 ± 2.454     
--------------------------------------------------------------------------------

Bond Statistics for Unique Atom Type Pairs
--------------------------------------------------------------------------------
Bond Pair                 Count    Distance (Å)        
--------------------------------------------------------------------------------
Alo-Oh                    768      1.8981 ± 0.0156
Alo-Op                    384      1.9273 ± 0.0044
H-Oh                      384      0.9779 ± 0.0034
Ob-Sit                    576      1.6146 ± 0.0041
Op-Sit                    192      1.6157 ± 0.0027
--------------------------------------------------------------------------------

Angle Statistics for Unique Atom Type Triplets
--------------------------------------------------------------------------------
Angle Triplet             Count    Angle (°)           
--------------------------------------------------------------------------------
Alo-Oh-Alo                192      103.575 ± 0.553
Alo-Oh-H                  384      122.951 ± 8.367
Alo-Op-Alo                96       100.742 ± 0.255
Alo-Op-Sit                192      124.451 ± 3.391
Ob-Sit-Ob                 288      107.569 ± 1.526
Ob-Sit-Op                 288      111.267 ± 1.698
Oh-Alo-Oh                 576      103.552 ± 28.957
Oh-Alo-Op                 768      108.806 ± 34.572
Op-Alo-Op                 96       93.664 ± 0.244
Sit-Ob-Sit                144      135.032 ± 6.440
--------------------------------------------------------------------------------
